Checking for deprecated package usage... OK
Checking for remote package usage... OK
Checking for 'LazyData: true' usage... OK
Checking version number... OK
Checking version number validity... OK
Checking R version dependency... OK
Checking package size... OK
Checking individual file sizes... OK
Checking biocViews... OK
Checking that biocViews are present... OK
Checking package type based on biocViews... OK
Checking for non-trivial biocViews... OK
Checking that biocViews come from the same category... OK
Checking biocViews validity... OK
Checking for recommended biocViews... OK
Checking build system compatibility... OK
Checking for proper Description: field... OK
Checking if DESCRIPTION is well formatted... OK
Checking for whitespace in DESCRIPTION field names... OK
Checking that Package field matches directory/tarball name... OK
Checking for Version: field... OK
Checking for valid maintainer... OK
Checking License: for restrictive use... OK
Checking for recommended DESCRIPTION fields... OK
Checking for Bioconductor software dependencies... OK
Checking for pinned package versions in DESCRIPTION... OK
Checking for 'fnd' role in Authors@R...
No 'fnd' role found in Authors@R. If the work is supported
        by a grant, consider adding the 'fnd' role to the list of authors.
Checking NAMESPACE... OK
Checking .Rbuildignore... OK
Checking for stray BiocCheck output folders... OK
Checking for inst/doc folders... OK
Checking vignette directory...
 Vignette(s) found with missing chunk labels
Found in files:
karioCaS_workflow.Rmd
 'sessionInfo' not found in vignette(s)
Missing from file(s):
vignettes/karioCaS_workflow.Rmd
Checking package installation calls in R code... OK
Checking for library/require of karioCaS... OK
Checking coding practice...
 Avoid 1:...; use seq_len() or seq_along()
Found in files:
kariocas_000_import.R (line 115, column 18)
kariocas_001_taxa_retention.R (line 119, column 16)
 Avoid 'cat' and 'print' outside of 'show' methods
Found in files:
cat() in R/kariocas_000_import.R (line 48, column 5)
cat() in R/kariocas_000_import.R (line 53, column 3)
cat() in R/kariocas_000_import.R (line 54, column 3)
cat() in R/kariocas_000_import.R (line 55, column 3)
cat() in R/kariocas_000_import.R (line 56, column 3)
cat() in R/kariocas_001_taxa_retention.R (line 39, column 5)
cat() in R/kariocas_001_taxa_retention.R (line 43, column 3)
cat() in R/kariocas_001_taxa_retention.R (line 44, column 3)
cat() in R/kariocas_001_taxa_retention.R (line 45, column 3)
cat() in R/kariocas_001_taxa_retention.R (line 46, column 3)
cat() in R/kariocas_002_upset_plot.R (line 37, column 5)
cat() in R/kariocas_002_upset_plot.R (line 41, column 3)
cat() in R/kariocas_002_upset_plot.R (line 42, column 3)
cat() in R/kariocas_002_upset_plot.R (line 43, column 3)
cat() in R/kariocas_002_upset_plot.R (line 44, column 3)
print() in R/kariocas_002_upset_plot.R (line 117, column 11)
cat() in R/kariocas_003_reads_per_taxa.R (line 59, column 5)
cat() in R/kariocas_003_reads_per_taxa.R (line 63, column 3)
cat() in R/kariocas_003_reads_per_taxa.R (line 64, column 3)
cat() in R/kariocas_003_reads_per_taxa.R (line 65, column 3)
cat() in R/kariocas_003_reads_per_taxa.R (line 66, column 3)
cat() in R/kariocas_003_reads_per_taxa.R (line 67, column 3)
cat() in R/kariocas_003_reads_per_taxa.R (line 68, column 3)
cat() in R/kariocas_004_taxa_resolution.R (line 58, column 5)
cat() in R/kariocas_004_taxa_resolution.R (line 62, column 3)
cat() in R/kariocas_004_taxa_resolution.R (line 63, column 3)
cat() in R/kariocas_004_taxa_resolution.R (line 64, column 3)
cat() in R/kariocas_004_taxa_resolution.R (line 65, column 3)
cat() in R/kariocas_004_taxa_resolution.R (line 66, column 3)
cat() in R/kariocas_005_heatmaps.R (line 63, column 5)
cat() in R/kariocas_005_heatmaps.R (line 67, column 3)
cat() in R/kariocas_005_heatmaps.R (line 68, column 3)
cat() in R/kariocas_005_heatmaps.R (line 69, column 3)
cat() in R/kariocas_005_heatmaps.R (line 70, column 3)
cat() in R/kariocas_005_heatmaps.R (line 71, column 3)
cat() in R/kariocas_006_optimize_cs.R (line 51, column 5)
cat() in R/kariocas_006_optimize_cs.R (line 55, column 3)
cat() in R/kariocas_006_optimize_cs.R (line 56, column 3)
cat() in R/kariocas_006_optimize_cs.R (line 57, column 3)
cat() in R/kariocas_006_optimize_cs.R (line 58, column 3)
cat() in R/kariocas_006_optimize_cs.R (line 59, column 3)
cat() in R/kariocas_1000_reliable_mpa.R (line 59, column 5)
cat() in R/kariocas_1000_reliable_mpa.R (line 295, column 5)
Checking parsed R code in R directory, examples, vignettes... OK
Checking function lengths...
The recommended function length is 50 lines or less. There are 9 functions greater than 50 lines.
The longest 5 functions are:
heatmaps_karioCaS() (R/kariocas_005_heatmaps.R): 295 lines
taxa_retention() (R/kariocas_001_taxa_retention.R): 280 lines
retrieve_selected_taxa() (R/kariocas_1000_reliable_mpa.R): 259 lines
reads_per_taxa() (R/kariocas_003_reads_per_taxa.R): 252 lines
optimize_CS() (R/kariocas_006_optimize_cs.R): 238 lines
Checking man page documentation... OK
Checking package NEWS... OK
Checking unit tests... OK
Checking skip_on_bioc() in tests... OK
Checking formatting of DESCRIPTION, NAMESPACE, man pages, R source, and vignette source...
Consider shorter lines; 278 lines (10%) are > 80 characters long.
First few lines:
R/kariocas_000_import.R#L7 #' @param project_dir Path to the projec ...
R/kariocas_000_import.R#L21 #' toy_project <- system.file("extdata", ...
R/kariocas_000_import.R#L28   # ==================================== ...
R/kariocas_000_import.R#L30   # ==================================== ...
R/kariocas_000_import.R#L31   if (!dir.exists(project_dir)) stop("Pr ...
R/kariocas_000_import.R#L56   cat("================================= ...
R/kariocas_000_import.R#L60   files <- list.files(input_dir, full.na ...
R/kariocas_000_import.R#L71   # ==================================== ...
R/kariocas_000_import.R#L73   # ==================================== ...
R/kariocas_000_import.R#L95     log_msg(" -> Reading: ", fname, " (i ...
R/kariocas_000_import.R#L98       utils::read.table(f, sep = "\t", s ...
R/kariocas_000_import.R#L139   # ==================================== ...
R/kariocas_000_import.R#L141   # ==================================== ...
R/kariocas_000_import.R#L144     tidyr::pivot_wider(names_from = Col_ ...
R/kariocas_000_import.R#L149   # ==================================== ...
R/kariocas_000_import.R#L151   # ==================================== ...
R/kariocas_000_import.R#L188   # ==================================== ...
R/kariocas_000_import.R#L190   # ==================================== ...
R/kariocas_000_import.R#L216   log_msg("FINAL DIMENSIONS: ", nrow(tse ...
R/kariocas_001_taxa_retention.R#L8 #' @return Generates PDF plots saved in  ...
R/kariocas_001_taxa_retention.R#L10 #' @importFrom dplyr filter select group ...
R/kariocas_001_taxa_retention.R#L12 #' @importFrom ggplot2 ggplot aes geom_l ...
R/kariocas_001_taxa_retention.R#L18 #' toy_project <- system.file("extdata", ...
R/kariocas_001_taxa_retention.R#L25   # ==================================== ...
R/kariocas_001_taxa_retention.R#L27   # ==================================== ...
R/kariocas_001_taxa_retention.R#L46   cat("================================= ...
R/kariocas_001_taxa_retention.R#L48   # ==================================== ...
R/kariocas_001_taxa_retention.R#L50   # ==================================== ...
R/kariocas_001_taxa_retention.R#L54   rank_levels_all <- c("Domain", "Kingdo ...
R/kariocas_001_taxa_retention.R#L72   # ==================================== ...
R/kariocas_001_taxa_retention.R#L74   # ==================================== ...
R/kariocas_001_taxa_retention.R#L129         Pct_Domain_Retained = ifelse(Bas ...
R/kariocas_001_taxa_retention.R#L130         Pct_Rank_Reads      = ifelse(Bas ...
R/kariocas_001_taxa_retention.R#L131         Pct_Taxa            = ifelse(Bas ...
R/kariocas_001_taxa_retention.R#L148       base_dom_row <- baseline_df %>% dp ...
R/kariocas_001_taxa_retention.R#L149       base_dom_total <- if(nrow(base_dom ...
R/kariocas_001_taxa_retention.R#L151       get_cnt <- function(r) { val <- ba ...
R/kariocas_001_taxa_retention.R#L155         "P: ", get_cnt("Phylum"), " | C: ...
R/kariocas_001_taxa_retention.R#L156         "F: ", get_cnt("Family"), " | G: ...
R/kariocas_001_taxa_retention.R#L164       p <- ggplot2::ggplot(df_dom, ggplo ...
R/kariocas_001_taxa_retention.R#L170         ggplot2::scale_x_continuous(brea ...
R/kariocas_001_taxa_retention.R#L188         theme = ggplot2::theme(plot.titl ...
R/kariocas_001_taxa_retention.R#L194     ggplot2::ggsave(file.path(output_dir ...
R/kariocas_001_taxa_retention.R#L234             Metric_Label = factor(Metric ...
R/kariocas_001_taxa_retention.R#L263         p <- ggplot2::ggplot(df_long_plo ...
R/kariocas_001_taxa_retention.R#L266           ggplot2::scale_color_manual(va ...
R/kariocas_001_taxa_retention.R#L267           ggplot2::scale_linetype_manual ...
R/kariocas_001_taxa_retention.R#L268           ggplot2::scale_shape_manual(va ...
R/kariocas_001_taxa_retention.R#L270           ggplot2::scale_x_continuous(br ...
R/kariocas_001_taxa_retention.R#L284       layout_rank <- (plot_list_rank[["B ...
R/kariocas_001_taxa_retention.R#L289           theme = ggplot2::theme(plot.ti ...
R/kariocas_001_taxa_retention.R#L295       ggplot2::ggsave(file.path(output_d ...
R/kariocas_002_upset_plot.R#L8 #' @return Generates PDF plots saved in  ...
R/kariocas_002_upset_plot.R#L17 #' toy_project <- system.file("extdata", ...
R/kariocas_002_upset_plot.R#L23   # ==================================== ...
R/kariocas_002_upset_plot.R#L25   # ==================================== ...
R/kariocas_002_upset_plot.R#L42   cat("LOG: 002_UPSET_PLOTS (karioCaS ne ...
R/kariocas_002_upset_plot.R#L44   cat("================================= ...
R/kariocas_002_upset_plot.R#L50   # ==================================== ...
R/kariocas_002_upset_plot.R#L52   # ==================================== ...
R/kariocas_002_upset_plot.R#L62   # ==================================== ...
R/kariocas_002_upset_plot.R#L64   # ==================================== ...
R/kariocas_002_upset_plot.R#L77           dplyr::filter(sample == samp,  ...
R/kariocas_002_upset_plot.R#L100         upset_cols <- colnames(binary_ma ...
R/kariocas_002_upset_plot.R#L103           log_msg("    Skipping ", dom,  ...
R/kariocas_003_reads_per_taxa.R#L3 #' Performs a saturation analysis by pro ...
R/kariocas_003_reads_per_taxa.R#L4 #' Generates two views: "Saturation" (Lo ...
R/kariocas_003_reads_per_taxa.R#L8 #' @param x_max_bac Integer. Max X-axis  ...
R/kariocas_003_reads_per_taxa.R#L9 #' @param x_max_arc Integer. Max X-axis  ...
R/kariocas_003_reads_per_taxa.R#L10 #' @param x_max_euk Integer. Max X-axis  ...
R/kariocas_003_reads_per_taxa.R#L11 #' @param x_max_vir Integer. Max X-axis  ...
R/kariocas_003_reads_per_taxa.R#L13 #' @return Generates PDF plots saved in  ...
R/kariocas_003_reads_per_taxa.R#L15 #' @importFrom dplyr filter mutate selec ...
R/kariocas_003_reads_per_taxa.R#L17 #' @importFrom ggplot2 ggplot aes geom_l ...
R/kariocas_003_reads_per_taxa.R#L23 #' toy_project <- system.file("extdata", ...
R/kariocas_003_reads_per_taxa.R#L30 #' # Example 2: Analyzing Genus level an ...
R/kariocas_003_reads_per_taxa.R#L45   # ==================================== ...
R/kariocas_003_reads_per_taxa.R#L47   # ==================================== ...
R/kariocas_003_reads_per_taxa.R#L64   cat("LOG: 003_CUTOFF_ANALYSIS (Saturat ...
R/kariocas_003_reads_per_taxa.R#L67   cat("RARE TAXA MAX: B=", x_max_bac, "| ...
R/kariocas_003_reads_per_taxa.R#L68   cat("================================= ...
R/kariocas_003_reads_per_taxa.R#L70   # ==================================== ...
R/kariocas_003_reads_per_taxa.R#L72   # ==================================== ...
R/kariocas_003_reads_per_taxa.R#L92   cutoff_template_log <- sort(unique(c(0 ...
R/kariocas_003_reads_per_taxa.R#L104   # ==================================== ...
R/kariocas_003_reads_per_taxa.R#L106   # ==================================== ...
R/kariocas_003_reads_per_taxa.R#L138               x_label = if(mode=="Satura ...
R/kariocas_003_reads_per_taxa.R#L149             relevant_cutoffs <- cutoff_t ...
R/kariocas_003_reads_per_taxa.R#L152               next_cut <- cutoff_templat ...
R/kariocas_003_reads_per_taxa.R#L153               if(!is.na(next_cut)) relev ...
R/kariocas_003_reads_per_taxa.R#L185           df_plot$Metric_Key <- factor(d ...
R/kariocas_003_reads_per_taxa.R#L188           subtitle_stats <- paste0(label ...
R/kariocas_003_reads_per_taxa.R#L189                                    label ...
R/kariocas_003_reads_per_taxa.R#L198           p <- ggplot2::ggplot(df_plot,  ...
R/kariocas_003_reads_per_taxa.R#L199             ggplot2::geom_line(ggplot2:: ...
R/kariocas_003_reads_per_taxa.R#L200             ggplot2::geom_point(ggplot2: ...
R/kariocas_003_reads_per_taxa.R#L209             ggplot2::scale_color_manual( ...
R/kariocas_003_reads_per_taxa.R#L210             ggplot2::scale_shape_manual( ...
R/kariocas_003_reads_per_taxa.R#L211             ggplot2::scale_linetype_manu ...
R/kariocas_003_reads_per_taxa.R#L221             ggplot2::theme(axis.text.x = ...
R/kariocas_003_reads_per_taxa.R#L235               scale_x_kariocas_log10(bre ...
R/kariocas_003_reads_per_taxa.R#L236               ggplot2::coord_cartesian(x ...
R/kariocas_003_reads_per_taxa.R#L237               ggplot2::labs(title = dom, ...
R/kariocas_003_reads_per_taxa.R#L255               ggplot2::coord_cartesian(x ...
R/kariocas_003_reads_per_taxa.R#L256               ggplot2::labs(title = dom, ...
R/kariocas_003_reads_per_taxa.R#L267             title = paste(samp, "- CS",  ...
R/kariocas_003_reads_per_taxa.R#L270               plot.title = ggplot2::elem ...
R/kariocas_003_reads_per_taxa.R#L271               plot.subtitle = ggplot2::e ...
R/kariocas_003_reads_per_taxa.R#L277         file_name <- paste0(samp, "_CS", ...
R/kariocas_003_reads_per_taxa.R#L280         ggplot2::ggsave(save_path, final ...
R/kariocas_004_taxa_resolution.R#L3 #' Creates stacked bar plots showing the ...
R/kariocas_004_taxa_resolution.R#L6 #' Uses max() for Parent aggregation to  ...
R/kariocas_004_taxa_resolution.R#L13 #' @return Generates PDF plots saved in  ...
R/kariocas_004_taxa_resolution.R#L15 #' @importFrom dplyr filter mutate selec ...
R/kariocas_004_taxa_resolution.R#L17 #' @importFrom ggplot2 ggplot aes geom_c ...
R/kariocas_004_taxa_resolution.R#L24 #' toy_project <- system.file("extdata", ...
R/kariocas_004_taxa_resolution.R#L44   # ==================================== ...
R/kariocas_004_taxa_resolution.R#L46   # ==================================== ...
R/kariocas_004_taxa_resolution.R#L63   cat("LOG: 004_TAXA_RESOLUTION (Max-Bas ...
R/kariocas_004_taxa_resolution.R#L65   cat("ANALYSIS: ", parent_level, " vs " ...
R/kariocas_004_taxa_resolution.R#L66   cat("================================= ...
R/kariocas_004_taxa_resolution.R#L68   # ==================================== ...
R/kariocas_004_taxa_resolution.R#L70   # ==================================== ...
R/kariocas_004_taxa_resolution.R#L78     tse_path <- file.path(project_dir, " ...
R/kariocas_004_taxa_resolution.R#L85       if ("Taxonomy" %in% colnames(df_lo ...
R/kariocas_004_taxa_resolution.R#L89     tax_subset <- tax_df %>% dplyr::sele ...
R/kariocas_004_taxa_resolution.R#L108   # ==================================== ...
R/kariocas_004_taxa_resolution.R#L110   # ==================================== ...
R/kariocas_004_taxa_resolution.R#L130           dplyr::summarise(Total_Clade_R ...
R/kariocas_004_taxa_resolution.R#L150           dplyr::summarise(Parent_Cumula ...
R/kariocas_004_taxa_resolution.R#L156           dplyr::summarise(Child_Sum_Res ...
R/kariocas_004_taxa_resolution.R#L173           log_msg(sprintf("    AUDIT [Li ...
R/kariocas_004_taxa_resolution.R#L174                           audit_row$Pare ...
R/kariocas_004_taxa_resolution.R#L177           log_msg(sprintf("    AUDIT [To ...
R/kariocas_004_taxa_resolution.R#L178                           top_1$Parent_N ...
R/kariocas_004_taxa_resolution.R#L203           ghost_df <- data.frame(Parent_ ...
R/kariocas_004_taxa_resolution.R#L208         stack_data$Parent_Name <- factor ...
R/kariocas_004_taxa_resolution.R#L209         stack_data$Category    <- factor ...
R/kariocas_004_taxa_resolution.R#L218         p <- ggplot2::ggplot(stack_data, ...
R/kariocas_004_taxa_resolution.R#L244             plot.title = ggplot2::elemen ...
R/kariocas_004_taxa_resolution.R#L245             plot.subtitle = ggplot2::ele ...
R/kariocas_004_taxa_resolution.R#L251       file_name <- paste0(samp, "_CS", s ...
R/kariocas_004_taxa_resolution.R#L254       ggplot2::ggsave(save_path, final_l ...
R/kariocas_005_heatmaps.R#L4 #' Confidence Score. "Elite" survivors a ...
R/kariocas_005_heatmaps.R#L6 #' Includes robust data enrichment and c ...
R/kariocas_005_heatmaps.R#L7 #' Now explicitly handles domains with z ...
R/kariocas_005_heatmaps.R#L11 #' @param confidence_score Target CS to  ...
R/kariocas_005_heatmaps.R#L14 #' @return Generates PDF plots saved in  ...
R/kariocas_005_heatmaps.R#L16 #' @importFrom dplyr filter mutate selec ...
R/kariocas_005_heatmaps.R#L18 #' @importFrom ggplot2 ggplot aes geom_t ...
R/kariocas_005_heatmaps.R#L25 #' toy_project <- system.file("extdata", ...
R/kariocas_005_heatmaps.R#L32 #' # Example 2: Advanced usage (Targetin ...
R/kariocas_005_heatmaps.R#L45   # ==================================== ...
R/kariocas_005_heatmaps.R#L47   # ==================================== ...
R/kariocas_005_heatmaps.R#L68   cat("LOG: 005_HEATMAP_GENERATION (Loss ...
R/kariocas_005_heatmaps.R#L70   cat("RANK: ", analysis_rank, " | TARGE ...
R/kariocas_005_heatmaps.R#L71   cat("================================= ...
R/kariocas_005_heatmaps.R#L73   # ==================================== ...
R/kariocas_005_heatmaps.R#L75   # ==================================== ...
R/kariocas_005_heatmaps.R#L82     tse_path <- file.path(project_dir, " ...
R/kariocas_005_heatmaps.R#L89       if ("Taxonomy" %in% colnames(df_lo ...
R/kariocas_005_heatmaps.R#L93     tax_subset <- tax_df %>% dplyr::sele ...
R/kariocas_005_heatmaps.R#L115   # ==================================== ...
R/kariocas_005_heatmaps.R#L117   # ==================================== ...
R/kariocas_005_heatmaps.R#L160         log_msg("    Info: ", dom, " has ...
R/kariocas_005_heatmaps.R#L182             label_suffix <- paste0("Reco ...
R/kariocas_005_heatmaps.R#L185             label_suffix <- paste0("Lowe ...
R/kariocas_005_heatmaps.R#L189           label_suffix <- paste0("Lowest ...
R/kariocas_005_heatmaps.R#L208       # Safety check: if everything is e ...
R/kariocas_005_heatmaps.R#L219         tidyr::complete(Taxon_Name, CS = ...
R/kariocas_005_heatmaps.R#L235           tidyr::pivot_wider(names_from  ...
R/kariocas_005_heatmaps.R#L278       dplyr::mutate(Taxon_Name = factor( ...
R/kariocas_005_heatmaps.R#L281     p <- ggplot2::ggplot(full_plot_data, ...
R/kariocas_005_heatmaps.R#L303         subtitle = paste("Detailed aggre ...
R/kariocas_005_heatmaps.R#L314         strip.text.y = ggplot2::element_ ...
R/kariocas_005_heatmaps.R#L325     file_name <- paste0(samp, "_Heatmap_ ...
R/kariocas_005_heatmaps.R#L328     ggplot2::ggsave(save_path, p, width  ...
R/kariocas_006_optimize_cs.R#L3 #' Applies an adaptation of the Kneedle  ...
R/kariocas_006_optimize_cs.R#L5 #' maximizes the removal of statistical  ...
R/kariocas_006_optimize_cs.R#L6 #' It also identifies subsequent local m ...
R/kariocas_006_optimize_cs.R#L14 #' @importFrom dplyr filter select group ...
R/kariocas_006_optimize_cs.R#L15 #' @importFrom ggplot2 ggplot aes geom_l ...
R/kariocas_006_optimize_cs.R#L20 #' toy_project <- system.file("extdata", ...
R/kariocas_006_optimize_cs.R#L37   # ==================================== ...
R/kariocas_006_optimize_cs.R#L39   # ==================================== ...
R/kariocas_006_optimize_cs.R#L56   cat("LOG: 006_OPTIMIZE_CS (Stability I ...
R/kariocas_006_optimize_cs.R#L59   cat("================================= ...
R/kariocas_006_optimize_cs.R#L61   # ==================================== ...
R/kariocas_006_optimize_cs.R#L63   # ==================================== ...
R/kariocas_006_optimize_cs.R#L81   # ==================================== ...
R/kariocas_006_optimize_cs.R#L83   # ==================================== ...
R/kariocas_006_optimize_cs.R#L98         dplyr::summarise(Taxa_Count = dp ...
R/kariocas_006_optimize_cs.R#L102         log_msg("    Skipping ", dom, ": ...
R/kariocas_006_optimize_cs.R#L118       # ================================ ...
R/kariocas_006_optimize_cs.R#L120       # ================================ ...
R/kariocas_006_optimize_cs.R#L167         dplyr::select(Sample, Domain, CS ...
R/kariocas_006_optimize_cs.R#L172       log_msg(sprintf("    %s -> Primary ...
R/kariocas_006_optimize_cs.R#L176       # ================================ ...
R/kariocas_006_optimize_cs.R#L178       # ================================ ...
R/kariocas_006_optimize_cs.R#L197         {if(!is.na(sec1_cs)) ggplot2::ge ...
R/kariocas_006_optimize_cs.R#L198         {if(!is.na(sec2_cs)) ggplot2::ge ...
R/kariocas_006_optimize_cs.R#L201         ggplot2::geom_vline(xintercept = ...
R/kariocas_006_optimize_cs.R#L205         ggplot2::geom_point(color = "bla ...
R/kariocas_006_optimize_cs.R#L214         ggplot2::scale_x_continuous(brea ...
R/kariocas_006_optimize_cs.R#L233           subtitle = paste("Level:", tax ...
R/kariocas_006_optimize_cs.R#L235             plot.title = ggplot2::elemen ...
R/kariocas_006_optimize_cs.R#L236             plot.subtitle = ggplot2::ele ...
R/kariocas_006_optimize_cs.R#L244       ggplot2::ggsave(save_path, final_l ...
R/kariocas_006_optimize_cs.R#L249   # ==================================== ...
R/kariocas_006_optimize_cs.R#L251   # ==================================== ...
R/kariocas_1000_reliable_mpa.R#L3 #' This function creates a "biological m ...
R/kariocas_1000_reliable_mpa.R#L4 #' It seamlessly integrates with the Sta ...
R/kariocas_1000_reliable_mpa.R#L5 #' Users can specify "auto" (Primary SI) ...
R/kariocas_1000_reliable_mpa.R#L7 #' ENFORCES strict > 0 filter to prevent ...
R/kariocas_1000_reliable_mpa.R#L10 #' @param tax_level Specific taxonomic l ...
R/kariocas_1000_reliable_mpa.R#L11 #' @param CS_A Character/Numeric. CS for ...
R/kariocas_1000_reliable_mpa.R#L13 #' @param CS_B Character/Numeric. CS for ...
R/kariocas_1000_reliable_mpa.R#L15 #' @param CS_E Character/Numeric. CS for ...
R/kariocas_1000_reliable_mpa.R#L17 #' @param CS_V Character/Numeric. CS for ...
R/kariocas_1000_reliable_mpa.R#L20 #' @return Writes a refined mosaic '.mpa ...
R/kariocas_1000_reliable_mpa.R#L23 #' @importFrom dplyr filter mutate selec ...
R/kariocas_1000_reliable_mpa.R#L28 #' toy_project <- system.file("extdata", ...
R/kariocas_1000_reliable_mpa.R#L59     cat(paste0("[", format(Sys.time(), " ...
R/kariocas_1000_reliable_mpa.R#L70     file_tse <- file.path(project_dir, " ...
R/kariocas_1000_reliable_mpa.R#L122       # Assume audit matches the request ...
R/kariocas_1000_reliable_mpa.R#L124       audit_file <- file.path(project_di ...
R/kariocas_1000_reliable_mpa.R#L131         log_msg("  Ensure you ran optimi ...
R/kariocas_1000_reliable_mpa.R#L151       available_suffixes <- stringr::str ...
R/kariocas_1000_reliable_mpa.R#L167             audit_sub <- audit_df %>% dp ...
R/kariocas_1000_reliable_mpa.R#L171                 requested_val <- audit_s ...
R/kariocas_1000_reliable_mpa.R#L174                 sec_val <- audit_sub$CS[ ...
R/kariocas_1000_reliable_mpa.R#L180                   requested_val <- audit ...
R/kariocas_1000_reliable_mpa.R#L182                   log_msg(sprintf("    [ ...
R/kariocas_1000_reliable_mpa.R#L225           log_msg(sprintf("    [ERROR] C ...
R/kariocas_1000_reliable_mpa.R#L226                           user_val, requ ...
R/kariocas_1000_reliable_mpa.R#L259           log_msg(sprintf("    -> Added  ...
R/kariocas_1000_reliable_mpa.R#L287       log_msg("\nSUCCESS: Process comple ...
R/kariocas_style.R#L6 #' @importFrom ggplot2 theme_classic the ...
R/kariocas_style.R#L49 #' Securely retrieves the official color ...
R/kariocas_style.R#L51 #' @param type Character. The palette to ...
R/kariocas_style.R#L54 get_kariocas_colors <- function(type = c ...
R/kariocas_style.R#L61 #' Securely retrieves the official ggplo ...
R/kariocas_style.R#L105     y_log10_retained = "**% Retained**<b ...
R/kariocas_style.R#L106     x_log10_reads    = "**Reads**<br><sp ...
R/kariocas_style.R#L117 #' @param labels A formatting function o ...
R/kariocas_style.R#L217       panel.grid.major.y = ggplot2::elem ...
R/kariocas_style.R#L223       strip.text = ggplot2::element_text ...
R/utils_data_conversion.R#L3 #' Helper function to bridge Bioconducto ...
R/utils_data_conversion.R#L4 #' Handles column name collisions (Rank  ...
R/utils_data_conversion.R#L19   if (is(input, "TreeSummarizedExperimen ...
R/utils_data_conversion.R#L23     if (is(obj, "TreeSummarizedExperimen ...
R/utils_data_conversion.R#L29     tse_path <- file.path(input, "000_ka ...
R/utils_data_conversion.R#L30     rds_path <- file.path(input, "000_ka ...
R/utils_data_conversion.R#L46     tidyr::pivot_longer(cols = -Taxonomy ...
R/utils_data_conversion.R#L64   # This prevents collision with the new ...
R/utils_data_conversion.R#L80       cols = c("Domain", "Kingdom", "Phy ...
R/utils_data_conversion.R#L87   if ("Domain_Group" %in% colnames(df_lo ...
R/utils_data_conversion.R#L88   if ("Kingdom_Group" %in% colnames(df_l ...
R/utils_data_conversion.R#L92   cols_to_keep <- c("sample", "CS", "Dom ...
vignettes/karioCaS_workflow.Rmd#L22 Metagenomic classification using k-mer b ...
vignettes/karioCaS_workflow.Rmd#L24 **karioCaS** (Kraken Confidence Scores f ...
vignettes/karioCaS_workflow.Rmd#L34 karioCaS relies on a strict, automated d ...
vignettes/karioCaS_workflow.Rmd#L36 Files must follow the naming convention: ...
vignettes/karioCaS_workflow.Rmd#L38 For this vignette, we will use the mock  ...
vignettes/karioCaS_workflow.Rmd#L46 mock_data_path <- system.file("extdata/y ...
vignettes/karioCaS_workflow.Rmd#L57 The first step is to import the multiple ...
vignettes/karioCaS_workflow.Rmd#L67 *Note: This function automatically creat ...
vignettes/karioCaS_workflow.Rmd#L73 karioCaS shines in its ability to genera ...
vignettes/karioCaS_workflow.Rmd#L83 taxa_resolution(project_dir = proj_dir,  ...
vignettes/karioCaS_workflow.Rmd#L86 heatmaps_karioCaS(project_dir = proj_dir ...
vignettes/karioCaS_workflow.Rmd#L93 While visual exploration is crucial, cho ...
vignettes/karioCaS_workflow.Rmd#L95 karioCaS implements the **Stability Inde ...
vignettes/karioCaS_workflow.Rmd#L102 head(audit_df[audit_df$SI_Type == "Prima ...
vignettes/karioCaS_workflow.Rmd#L105 The `optimize_CS()` function saves an ob ...
vignettes/karioCaS_workflow.Rmd#L111 Once the optimal thresholds are defined  ...
vignettes/karioCaS_workflow.Rmd#L113 By setting the arguments to `"auto"`, th ...
vignettes/karioCaS_workflow.Rmd#L121   CS_A = "secondary",  # Attempts to pul ...
vignettes/karioCaS_workflow.Rmd#L127 The resulting `SAMPLENAME_karioCaS_Mosai ...
Consider multiples of 4 spaces for line indents; 1020 lines (37%) are not.
First few lines:
R/globals.R#L10   ".data", "Base_Global", "Base_Reads",  ...
R/globals.R#L11   "Category", "Child_Sum_Resolved", "Cla ...
R/globals.R#L12   "Counts", "Cutoff", "Distance", "Domai ...
R/globals.R#L13   "Is_Candidate", "Is_Local_Max", "Kingd ...
R/globals.R#L14   "Metric_Label", "Norm_CS", "Norm_Taxa" ...
R/globals.R#L15   "Original_CS_Code", "Parent_Cumulative ...
R/globals.R#L16   "Parent_Name", "Pct", "Pct_Domain_Reta ...
R/globals.R#L17   "Pct_Taxa", "Pct_Value", "Phylum", "Pr ...
R/globals.R#L18   "Rank_Taxa", "Reads", "Rel_Abund", "Re ...
R/globals.R#L19   "SI_Type", "Sample", "Sample_ID", "Spe ...
R/globals.R#L20   "Taxonomy", "Taxonomy_Full", "Total_CS ...
R/globals.R#L21   "Wide_Header", "kariocas_colors", "kar ...
R/globals.R#L22   "kariocas_linetypes" ...
R/kariocas_000_import.R#L28   # ==================================== ...
R/kariocas_000_import.R#L29   # 1. SETUP & LOGGING INIT ...
R/kariocas_000_import.R#L30   # ==================================== ...
R/kariocas_000_import.R#L31   if (!dir.exists(project_dir)) stop("Pr ...
R/kariocas_000_import.R#L33   input_dir  <- file.path(project_dir, " ...
R/kariocas_000_import.R#L34   output_dir <- file.path(project_dir, " ...
R/kariocas_000_import.R#L35   log_dir    <- file.path(project_dir, " ...
R/kariocas_000_import.R#L37   if (!dir.exists(input_dir)) stop("Inpu ...
R/kariocas_000_import.R#L38   if (!dir.exists(output_dir)) dir.creat ...
R/kariocas_000_import.R#L39   if (!dir.exists(log_dir)) dir.create(l ...
R/kariocas_000_import.R#L41   # Initialize Log File ...
R/kariocas_000_import.R#L42   log_file <- file.path(log_dir, "log_00 ...
R/kariocas_000_import.R#L44   # Helper function to write to both con ...
R/kariocas_000_import.R#L45   log_msg <- function(...) { ...
R/kariocas_000_import.R#L50   } ...
R/kariocas_000_import.R#L52   # Header ...
R/kariocas_000_import.R#L53   cat("================================= ...
R/kariocas_000_import.R#L54   cat("LOG: 000_DATA_IMPORT (Structured) ...
R/kariocas_000_import.R#L55   cat("PROJECT DIR: ", project_dir, "\n" ...
R/kariocas_000_import.R#L56   cat("================================= ...
R/kariocas_000_import.R#L58   log_msg(">>> [Bioconductor Integration ...
R/kariocas_000_import.R#L60   files <- list.files(input_dir, full.na ...
R/kariocas_000_import.R#L61   if (length(files) == 0) { ...
R/kariocas_000_import.R#L64   } ...
R/kariocas_000_import.R#L66   log_msg("FOUND: ", length(files), " po ...
R/kariocas_000_import.R#L68   long_data_list <- list() ...
R/kariocas_000_import.R#L69   fname_regex <- "^(.*)_CS([0-9]+)\\.(mp ...
R/kariocas_000_import.R#L71   # ==================================== ...
R/kariocas_000_import.R#L72   # 2. READ LOOP ...
R/kariocas_000_import.R#L73   # ==================================== ...
R/kariocas_000_import.R#L74   for (f in files) { ...
R/kariocas_000_import.R#L79       log_msg("WARNING: Skipping file wi ...
R/kariocas_000_import.R#L80       next ...
R/kariocas_000_import.R#L89       cs_val_num <- cs_raw * 10 ...
R/kariocas_000_import.R#L91       cs_val_num <- cs_raw ...
R/kariocas_000_import.R#L98       utils::read.table(f, sep = "\t", s ...
R/kariocas_000_import.R#L99       error = function(e) { ...
R/kariocas_000_import.R#L102       } ...
R/kariocas_000_import.R#L106       log_msg("WARNING: File is empty or ...
R/kariocas_000_import.R#L107       next ...
R/kariocas_000_import.R#L111       log_msg("WARNING: File has fewer t ...
R/kariocas_000_import.R#L112       next ...
R/kariocas_000_import.R#L122       Taxonomy = raw$Taxonomy, ...
R/kariocas_000_import.R#L123       Counts = raw$Counts, ...
R/kariocas_000_import.R#L124       Sample = samp_name, ...
R/kariocas_000_import.R#L125       CS = cs_val_num, ...
R/kariocas_000_import.R#L126       Col_ID = unique_col_id, ...
R/kariocas_000_import.R#L127       stringsAsFactors = FALSE ...
R/kariocas_000_import.R#L129   } ...
R/kariocas_000_import.R#L131   if (length(long_data_list) == 0) { ...
R/kariocas_000_import.R#L134   } ...
R/kariocas_000_import.R#L136   log_msg(">>> Assembling Data Matrix... ...
R/kariocas_000_import.R#L137   df_big <- dplyr::bind_rows(long_data_l ...
R/kariocas_000_import.R#L139   # ==================================== ...
R/kariocas_000_import.R#L140   # 3. CONSTRUCT ASSAY MATRIX ...
R/kariocas_000_import.R#L141   # ==================================== ...
R/kariocas_000_import.R#L142   mat_df <- df_big %>% ...
R/kariocas_000_import.R#L146   count_mat <- as.matrix(mat_df[, -1]) ...
R/kariocas_000_import.R#L147   rownames(count_mat) <- mat_df$Taxonomy ...
R/kariocas_000_import.R#L149   # ==================================== ...
R/kariocas_000_import.R#L150   # 4. PARSE TAXONOMY ...
R/kariocas_000_import.R#L151   # ==================================== ...
R/kariocas_000_import.R#L152   log_msg(">>> Parsing Taxonomy (8 Level ...
R/kariocas_000_import.R#L153   tax_strings <- rownames(count_mat) ...
R/kariocas_000_import.R#L155   extract_rank <- function(x, pattern) { ...
R/kariocas_000_import.R#L158   } ...
R/kariocas_000_import.R#L160   determine_rank <- function(x) { ...
R/kariocas_000_import.R#L162       stringr::str_detect(x, "\\|s__") ~ ...
R/kariocas_000_import.R#L163       stringr::str_detect(x, "\\|g__") ~ ...
R/kariocas_000_import.R#L164       stringr::str_detect(x, "\\|f__") ~ ...
R/kariocas_000_import.R#L165       stringr::str_detect(x, "\\|o__") ~ ...
R/kariocas_000_import.R#L166       stringr::str_detect(x, "\\|c__") ~ ...
R/kariocas_000_import.R#L167       stringr::str_detect(x, "\\|p__") ~ ...
R/kariocas_000_import.R#L168       stringr::str_detect(x, "\\|k__") ~ ...
R/kariocas_000_import.R#L169       stringr::str_detect(x, "d__")    ~ ...
R/kariocas_000_import.R#L170       TRUE ~ "Unknown" ...
R/kariocas_000_import.R#L172   } ...
R/kariocas_000_import.R#L174   row_data_df <- data.frame( ...
R/kariocas_000_import.R#L186   ) ...
R/kariocas_000_import.R#L188   # ==================================== ...
R/kariocas_000_import.R#L189   # 5. SAVE OUTPUTS & LOG ...
R/kariocas_000_import.R#L190   # ==================================== ...
R/kariocas_000_import.R#L191   audit_file <- file.path(output_dir, "k ...
R/kariocas_000_import.R#L192   audit_df <- dplyr::bind_cols(row_data_ ...
R/kariocas_000_import.R#L193   readr::write_tsv(audit_df, audit_file) ...
R/kariocas_000_import.R#L194   log_msg("SAVED TSV AUDIT: ", audit_fil ...
R/kariocas_000_import.R#L196   # Create TSE ...
R/kariocas_000_import.R#L197   meta_map <- df_big %>% dplyr::select(C ...
R/kariocas_000_import.R#L198   meta_ordered <- meta_map[match(colname ...
R/kariocas_000_import.R#L200   col_data <- S4Vectors::DataFrame( ...
R/kariocas_000_import.R#L204   ) ...
R/kariocas_000_import.R#L206   tse <- TreeSummarizedExperiment::TreeS ...
R/kariocas_000_import.R#L210   ) ...
R/kariocas_000_import.R#L212   save_path <- file.path(output_dir, "ka ...
R/kariocas_000_import.R#L213   saveRDS(tse, save_path) ...
R/kariocas_000_import.R#L215   log_msg("SAVED TSE OBJECT: ", save_pat ...
R/kariocas_000_import.R#L216   log_msg("FINAL DIMENSIONS: ", nrow(tse ...
R/kariocas_000_import.R#L217   log_msg("SUCCESS: Import completed.") ...
R/kariocas_000_import.R#L219   return(invisible(tse)) ...
R/kariocas_001_taxa_retention.R#L25   # ==================================== ...
R/kariocas_001_taxa_retention.R#L26   # 1. SETUP & LOGGING ...
R/kariocas_001_taxa_retention.R#L27   # ==================================== ...
R/kariocas_001_taxa_retention.R#L28   output_dir <- file.path(project_dir, " ...
R/kariocas_001_taxa_retention.R#L29   log_dir    <- file.path(project_dir, " ...
R/kariocas_001_taxa_retention.R#L31   if (!dir.exists(output_dir)) dir.creat ...
R/kariocas_001_taxa_retention.R#L32   if (!dir.exists(log_dir)) dir.create(l ...
R/kariocas_001_taxa_retention.R#L34   log_file <- file.path(log_dir, "log_00 ...
R/kariocas_001_taxa_retention.R#L36   log_msg <- function(...) { ...
R/kariocas_001_taxa_retention.R#L41   } ...
R/kariocas_001_taxa_retention.R#L43   cat("================================= ...
R/kariocas_001_taxa_retention.R#L44   cat("LOG: 001_CS_RETENTION_ANALYSIS\n" ...
R/kariocas_001_taxa_retention.R#L45   cat("PROJECT DIR: ", project_dir, "\n" ...
R/kariocas_001_taxa_retention.R#L46   cat("================================= ...
R/kariocas_001_taxa_retention.R#L48   # ==================================== ...
R/kariocas_001_taxa_retention.R#L49   # 2. DATA LOADING ...
R/kariocas_001_taxa_retention.R#L50   # ==================================== ...
R/kariocas_001_taxa_retention.R#L51   log_msg(">>> Loading Data (Auto-detect ...
R/kariocas_001_taxa_retention.R#L52   df_long <- .get_tidy_data(project_dir) ...
R/kariocas_001_taxa_retention.R#L54   rank_levels_all <- c("Domain", "Kingdo ...
R/kariocas_001_taxa_retention.R#L56   df_proc <- df_long %>% ...
R/kariocas_001_taxa_retention.R#L60   if (nrow(df_proc) == 0) { ...
R/kariocas_001_taxa_retention.R#L63   } ...
R/kariocas_001_taxa_retention.R#L65   SAMPLES <- unique(df_proc$sample) ...
R/kariocas_001_taxa_retention.R#L66   DOMAINS <- names(kariocas_colors$domai ...
R/kariocas_001_taxa_retention.R#L68   fmt_num <- function(x) format(x, big.m ...
R/kariocas_001_taxa_retention.R#L70   log_msg(">>> Starting Retention Analys ...
R/kariocas_001_taxa_retention.R#L72   # ==================================== ...
R/kariocas_001_taxa_retention.R#L73   # 3. ANALYSIS LOOP ...
R/kariocas_001_taxa_retention.R#L74   # ==================================== ...
R/kariocas_001_taxa_retention.R#L75   for (samp in SAMPLES) { ...
R/kariocas_001_taxa_retention.R#L83       dplyr::filter(Rank == "Domain", Lo ...
R/kariocas_001_taxa_retention.R#L84       dplyr::group_by(Domain, CS) %>% ...
R/kariocas_001_taxa_retention.R#L85       dplyr::summarise(Global_Reads = ma ...
R/kariocas_001_taxa_retention.R#L88       domain_totals <- df_samp %>% ...
R/kariocas_001_taxa_retention.R#L96       dplyr::group_by(Domain, Rank, CS)  ...
R/kariocas_001_taxa_retention.R#L97       dplyr::summarise( ...
R/kariocas_001_taxa_retention.R#L101       ) %>% ...
R/kariocas_001_taxa_retention.R#L102       dplyr::left_join(domain_totals, by ...
R/kariocas_001_taxa_retention.R#L106       dplyr::filter(CS == 0) %>% ...
R/kariocas_001_taxa_retention.R#L107       dplyr::rename( ...
R/kariocas_001_taxa_retention.R#L111       ) %>% ...
R/kariocas_001_taxa_retention.R#L112       dplyr::select(Domain, Rank, Base_G ...
R/kariocas_001_taxa_retention.R#L118       log_msg("    > QC STATS (CS00 Base ...
R/kariocas_001_taxa_retention.R#L119       for(i in 1:nrow(qc_stats)) { ...
R/kariocas_001_taxa_retention.R#L123       } ...
R/kariocas_001_taxa_retention.R#L127       dplyr::left_join(baseline_df, by = ...
R/kariocas_001_taxa_retention.R#L128       dplyr::mutate( ...
R/kariocas_001_taxa_retention.R#L132       ) ...
R/kariocas_001_taxa_retention.R#L141       df_dom <- df_calc %>% dplyr::filte ...
R/kariocas_001_taxa_retention.R#L143       if (nrow(df_dom) == 0) { ...
R/kariocas_001_taxa_retention.R#L146       } ...
R/kariocas_001_taxa_retention.R#L148       base_dom_row <- baseline_df %>% dp ...
R/kariocas_001_taxa_retention.R#L149       base_dom_total <- if(nrow(base_dom ...
R/kariocas_001_taxa_retention.R#L150       base_counts <- baseline_df %>% dpl ...
R/kariocas_001_taxa_retention.R#L151       get_cnt <- function(r) { val <- ba ...
R/kariocas_001_taxa_retention.R#L153       sub_str <- paste0( ...
R/kariocas_001_taxa_retention.R#L157       ) ...
R/kariocas_001_taxa_retention.R#L159       # NOTE: Using restored structure ...
R/kariocas_001_taxa_retention.R#L160       shapes_vec <- get_kariocas_shapes( ...
R/kariocas_001_taxa_retention.R#L161       colors_vec <- get_kariocas_colors( ...
R/kariocas_001_taxa_retention.R#L162       labels_vec <- get_kariocas_labels( ...
R/kariocas_001_taxa_retention.R#L164       p <- ggplot2::ggplot(df_dom, ggplo ...
R/kariocas_001_taxa_retention.R#L172           title = dom, ...
R/kariocas_001_taxa_retention.R#L173           subtitle = sub_str, ...
R/kariocas_001_taxa_retention.R#L174           x = labels_vec$y_confidence, ...
R/kariocas_001_taxa_retention.R#L175           y = labels_vec$y_log10_retaine ...
R/kariocas_001_taxa_retention.R#L180       plot_list_all[[dom]] <- p ...
R/kariocas_001_taxa_retention.R#L184       (plot_list_all[["Eukaryota"]] | pl ...
R/kariocas_001_taxa_retention.R#L185       patchwork::plot_annotation( ...
R/kariocas_001_taxa_retention.R#L189       ) + ...
R/kariocas_001_taxa_retention.R#L190       patchwork::plot_layout(guides = "c ...
R/kariocas_001_taxa_retention.R#L191       ggplot2::theme(legend.position = " ...
R/kariocas_001_taxa_retention.R#L201       "Phylum" = "Phyla", "Class" = "Cla ...
R/kariocas_001_taxa_retention.R#L202       "Family" = "Families", "Genus" = " ...
R/kariocas_001_taxa_retention.R#L206       fname_suffix <- rank_names_map[[r] ...
R/kariocas_001_taxa_retention.R#L207       plot_list_rank <- list() ...
R/kariocas_001_taxa_retention.R#L209       for (dom in DOMAINS) { ...
R/kariocas_001_taxa_retention.R#L213           plot_list_rank[[dom]] <- plot_ ...
R/kariocas_001_taxa_retention.R#L214           next ...
R/kariocas_001_taxa_retention.R#L222           dplyr::select(CS, Pct_Taxa, Pc ...
R/kariocas_001_taxa_retention.R#L223           tidyr::pivot_longer( ...
R/kariocas_001_taxa_retention.R#L227           ) %>% ...
R/kariocas_001_taxa_retention.R#L228           dplyr::mutate( ...
R/kariocas_001_taxa_retention.R#L230               Metric_Type == "Pct_Taxa"  ...
R/kariocas_001_taxa_retention.R#L231               Metric_Type == "Pct_Rank_R ...
R/kariocas_001_taxa_retention.R#L232               Metric_Type == "Pct_Domain ...
R/kariocas_001_taxa_retention.R#L235           ) ...
R/kariocas_001_taxa_retention.R#L242           fmt_num(base_g), " Total Reads ...
R/kariocas_001_taxa_retention.R#L243           fmt_num(base_r), " assigned to ...
R/kariocas_001_taxa_retention.R#L244           fmt_num(base_t), " ", r ...
R/kariocas_001_taxa_retention.R#L264           ggplot2::geom_line(linewidth = ...
R/kariocas_001_taxa_retention.R#L265           ggplot2::geom_point(size = 3)  ...
R/kariocas_001_taxa_retention.R#L266           ggplot2::scale_color_manual(va ...
R/kariocas_001_taxa_retention.R#L267           ggplot2::scale_linetype_manual ...
R/kariocas_001_taxa_retention.R#L268           ggplot2::scale_shape_manual(va ...
R/kariocas_001_taxa_retention.R#L269           scale_y_kariocas_log10(limits  ...
R/kariocas_001_taxa_retention.R#L270           ggplot2::scale_x_continuous(br ...
R/kariocas_001_taxa_retention.R#L271           ggplot2::labs( ...
R/kariocas_001_taxa_retention.R#L277           ) + ...
R/kariocas_001_taxa_retention.R#L278           theme_kariocas() + ...
R/kariocas_001_taxa_retention.R#L279           ggplot2::theme(legend.position ...
R/kariocas_001_taxa_retention.R#L282       } ...
R/kariocas_001_taxa_retention.R#L284       layout_rank <- (plot_list_rank[["B ...
R/kariocas_001_taxa_retention.R#L287           title = paste(samp, "- Retenti ...
R/kariocas_001_taxa_retention.R#L288           subtitle = "Comparison of Taxa ...
R/kariocas_001_taxa_retention.R#L289           theme = ggplot2::theme(plot.ti ...
R/kariocas_001_taxa_retention.R#L294       fname_rank <- paste0(samp, "_CS_Re ...
R/kariocas_001_taxa_retention.R#L295       ggplot2::ggsave(file.path(output_d ...
R/kariocas_001_taxa_retention.R#L296       log_msg("    -> Generated: ", fnam ...
R/kariocas_001_taxa_retention.R#L298   } ...
R/kariocas_001_taxa_retention.R#L300   log_msg("SUCCESS: Retention analysis c ...
R/kariocas_001_taxa_retention.R#L301   return(invisible(NULL)) ...
R/kariocas_002_upset_plot.R#L23   # ==================================== ...
R/kariocas_002_upset_plot.R#L24   # 1. SETUP & LOGGING ...
R/kariocas_002_upset_plot.R#L25   # ==================================== ...
R/kariocas_002_upset_plot.R#L26   output_dir  <- file.path(project_dir,  ...
R/kariocas_002_upset_plot.R#L27   log_dir     <- file.path(project_dir,  ...
R/kariocas_002_upset_plot.R#L29   if (!dir.exists(output_dir)) dir.creat ...
R/kariocas_002_upset_plot.R#L30   if (!dir.exists(log_dir)) dir.create(l ...
R/kariocas_002_upset_plot.R#L32   log_file <- file.path(log_dir, "log_00 ...
R/kariocas_002_upset_plot.R#L34   log_msg <- function(...) { ...
R/kariocas_002_upset_plot.R#L39   } ...
R/kariocas_002_upset_plot.R#L41   cat("================================= ...
R/kariocas_002_upset_plot.R#L42   cat("LOG: 002_UPSET_PLOTS (karioCaS ne ...
R/kariocas_002_upset_plot.R#L43   cat("PROJECT DIR: ", project_dir, "\n" ...
R/kariocas_002_upset_plot.R#L44   cat("================================= ...
R/kariocas_002_upset_plot.R#L46   if (!requireNamespace("UpSetR", quietl ...
R/kariocas_002_upset_plot.R#L48   } ...
R/kariocas_002_upset_plot.R#L50   # ==================================== ...
R/kariocas_002_upset_plot.R#L51   # 2. DATA LOADING ...
R/kariocas_002_upset_plot.R#L52   # ==================================== ...
R/kariocas_002_upset_plot.R#L53   log_msg(">>> Loading Data...") ...
R/kariocas_002_upset_plot.R#L54   df_long <- .get_tidy_data(project_dir) ...
R/kariocas_002_upset_plot.R#L56   SAMPLES <- unique(df_long$sample) ...
R/kariocas_002_upset_plot.R#L57   DOMAINS <- names(kariocas_colors$domai ...
R/kariocas_002_upset_plot.R#L58   LEVELS  <- c("Species", "Genus", "Fami ...
R/kariocas_002_upset_plot.R#L60   log_msg(">>> Starting UpSet Analysis f ...
R/kariocas_002_upset_plot.R#L62   # ==================================== ...
R/kariocas_002_upset_plot.R#L63   # 3. ANALYSIS LOOP ...
R/kariocas_002_upset_plot.R#L64   # ==================================== ...
R/kariocas_002_upset_plot.R#L65   for (samp in SAMPLES) { ...
R/kariocas_002_upset_plot.R#L73       for (lvl in LEVELS) { ...
R/kariocas_002_upset_plot.R#L77           dplyr::filter(sample == samp,  ...
R/kariocas_002_upset_plot.R#L78           dplyr::select(CS, Taxon_Name)  ...
R/kariocas_002_upset_plot.R#L79           dplyr::distinct() ...
R/kariocas_002_upset_plot.R#L82           log_msg("    Skipping ", dom,  ...
R/kariocas_002_upset_plot.R#L83           next ...
R/kariocas_002_upset_plot.R#L88           dplyr::mutate( ...
R/kariocas_002_upset_plot.R#L91           ) %>% ...
R/kariocas_002_upset_plot.R#L92           dplyr::select(-CS) %>% ...
R/kariocas_002_upset_plot.R#L93           tidyr::pivot_wider( ...
R/kariocas_002_upset_plot.R#L97           ) %>% ...
R/kariocas_002_upset_plot.R#L98           as.data.frame() ...
R/kariocas_002_upset_plot.R#L103           log_msg("    Skipping ", dom,  ...
R/kariocas_002_upset_plot.R#L104           next ...
R/kariocas_002_upset_plot.R#L112                        width = kariocas_ ...
R/kariocas_002_upset_plot.R#L113                        height = kariocas ...
R/kariocas_002_upset_plot.R#L114                        onefile = FALSE) ...
R/kariocas_002_upset_plot.R#L117           print( ...
R/kariocas_002_upset_plot.R#L119               binary_matrix, ...
R/kariocas_002_upset_plot.R#L120               sets = rev(upset_cols), ...
R/kariocas_002_upset_plot.R#L121               keep.order = TRUE, ...
R/kariocas_002_upset_plot.R#L122               order.by = "freq", ...
R/kariocas_002_upset_plot.R#L123               empty.intersections = NULL ...
R/kariocas_002_upset_plot.R#L124               mainbar.y.label = paste(lv ...
R/kariocas_002_upset_plot.R#L125               sets.x.label = paste("Tota ...
R/kariocas_002_upset_plot.R#L126               text.scale = c(1.5, 1.5, 1 ...
R/kariocas_002_upset_plot.R#L127               mb.ratio = c(0.6, 0.4), ...
R/kariocas_002_upset_plot.R#L128               main.bar.color = kariocas_ ...
R/kariocas_002_upset_plot.R#L129               sets.bar.color = kariocas_ ...
R/kariocas_002_upset_plot.R#L130               matrix.color = "grey20", ...
R/kariocas_002_upset_plot.R#L131               shade.color = "grey90" ...
R/kariocas_002_upset_plot.R#L133           ) ...
R/kariocas_002_upset_plot.R#L135           grid::grid.text( ...
R/kariocas_002_upset_plot.R#L139           ) ...
R/kariocas_002_upset_plot.R#L141           log_msg("    -> Generated: ",  ...
R/kariocas_002_upset_plot.R#L144           log_msg("    ERROR plotting ", ...
R/kariocas_002_upset_plot.R#L148       } ...
R/kariocas_002_upset_plot.R#L150   } ...
R/kariocas_002_upset_plot.R#L152   log_msg("SUCCESS: UpSet analysis compl ...
R/kariocas_002_upset_plot.R#L153   return(invisible(NULL)) ...
R/kariocas_003_reads_per_taxa.R#L39                            analysis_leve ...
R/kariocas_003_reads_per_taxa.R#L40                            x_max_bac = 1 ...
R/kariocas_003_reads_per_taxa.R#L41                            x_max_arc = 1 ...
R/kariocas_003_reads_per_taxa.R#L42                            x_max_euk = 1 ...
R/kariocas_003_reads_per_taxa.R#L43                            x_max_vir = 1 ...
R/kariocas_003_reads_per_taxa.R#L45   # ==================================== ...
R/kariocas_003_reads_per_taxa.R#L46   # 1. SETUP & LOGGING ...
R/kariocas_003_reads_per_taxa.R#L47   # ==================================== ...
R/kariocas_003_reads_per_taxa.R#L48   output_dir <- file.path(project_dir, " ...
R/kariocas_003_reads_per_taxa.R#L49   log_dir    <- file.path(project_dir, " ...
R/kariocas_003_reads_per_taxa.R#L51   if (!dir.exists(output_dir)) dir.creat ...
R/kariocas_003_reads_per_taxa.R#L52   if (!dir.exists(log_dir)) dir.create(l ...
R/kariocas_003_reads_per_taxa.R#L54   log_file <- file.path(log_dir, "log_00 ...
R/kariocas_003_reads_per_taxa.R#L56   log_msg <- function(...) { ...
R/kariocas_003_reads_per_taxa.R#L61   } ...
R/kariocas_003_reads_per_taxa.R#L63   cat("================================= ...
R/kariocas_003_reads_per_taxa.R#L64   cat("LOG: 003_CUTOFF_ANALYSIS (Saturat ...
R/kariocas_003_reads_per_taxa.R#L65   cat("PROJECT DIR: ", project_dir, "\n" ...
R/kariocas_003_reads_per_taxa.R#L66   cat("ANALYSIS LEVEL: ", analysis_level ...
R/kariocas_003_reads_per_taxa.R#L67   cat("RARE TAXA MAX: B=", x_max_bac, "| ...
R/kariocas_003_reads_per_taxa.R#L68   cat("================================= ...
R/kariocas_003_reads_per_taxa.R#L70   # ==================================== ...
R/kariocas_003_reads_per_taxa.R#L71   # 2. DATA LOADING & PREP ...
R/kariocas_003_reads_per_taxa.R#L72   # ==================================== ...
R/kariocas_003_reads_per_taxa.R#L73   log_msg(">>> Loading Data (Auto-detect ...
R/kariocas_003_reads_per_taxa.R#L74   df_long <- .get_tidy_data(project_dir) ...
R/kariocas_003_reads_per_taxa.R#L76   # Filter for the specific level reques ...
R/kariocas_003_reads_per_taxa.R#L77   df_proc <- df_long %>% ...
R/kariocas_003_reads_per_taxa.R#L80   if (nrow(df_proc) == 0) { ...
R/kariocas_003_reads_per_taxa.R#L83   } ...
R/kariocas_003_reads_per_taxa.R#L85   SAMPLES <- unique(df_proc$sample) ...
R/kariocas_003_reads_per_taxa.R#L86   DOMAINS <- names(kariocas_colors$domai ...
R/kariocas_003_reads_per_taxa.R#L87   CS_LIST <- unique(df_proc$CS) ...
R/kariocas_003_reads_per_taxa.R#L89   # Template for Saturation calculation  ...
R/kariocas_003_reads_per_taxa.R#L90   base_steps <- c(1, 3, 5) ...
R/kariocas_003_reads_per_taxa.R#L91   multipliers <- c(1, 10, 100, 1000, 100 ...
R/kariocas_003_reads_per_taxa.R#L92   cutoff_template_log <- sort(unique(c(0 ...
R/kariocas_003_reads_per_taxa.R#L94   # Map for Rare Taxa Limits ...
R/kariocas_003_reads_per_taxa.R#L95   rare_limits <- list( ...
R/kariocas_003_reads_per_taxa.R#L100   ) ...
R/kariocas_003_reads_per_taxa.R#L102   log_msg(">>> Starting Cutoff Analysis  ...
R/kariocas_003_reads_per_taxa.R#L104   # ==================================== ...
R/kariocas_003_reads_per_taxa.R#L105   # 3. ANALYSIS LOOP ...
R/kariocas_003_reads_per_taxa.R#L106   # ==================================== ...
R/kariocas_003_reads_per_taxa.R#L107   for (samp in SAMPLES) { ...
R/kariocas_003_reads_per_taxa.R#L113       plot_list <- list() ...
R/kariocas_003_reads_per_taxa.R#L114       df_curr <- df_proc %>% dplyr::filt ...
R/kariocas_003_reads_per_taxa.R#L116       if (nrow(df_curr) == 0) { ...
R/kariocas_003_reads_per_taxa.R#L119       } ...
R/kariocas_003_reads_per_taxa.R#L121       # Run both modes: Saturation (Stan ...
R/kariocas_003_reads_per_taxa.R#L122       modes_to_run <- c("Saturation", "R ...
R/kariocas_003_reads_per_taxa.R#L124       for (mode in modes_to_run) { ...
R/kariocas_003_reads_per_taxa.R#L128           # 3.1 CALCULATION ENGINE ----- ...
R/kariocas_003_reads_per_taxa.R#L129           df_dom <- df_curr %>% dplyr::f ...
R/kariocas_003_reads_per_taxa.R#L131           total_reads_dom <- sum(df_dom$ ...
R/kariocas_003_reads_per_taxa.R#L132           total_taxa_dom  <- nrow(df_dom ...
R/kariocas_003_reads_per_taxa.R#L134           if (total_reads_dom == 0) { ...
R/kariocas_003_reads_per_taxa.R#L136               title_text = dom, ...
R/kariocas_003_reads_per_taxa.R#L137               subtitle_text = "No reads  ...
R/kariocas_003_reads_per_taxa.R#L138               x_label = if(mode=="Satura ...
R/kariocas_003_reads_per_taxa.R#L139               y_label = "**% Retained**" ...
R/kariocas_003_reads_per_taxa.R#L142           } ...
R/kariocas_003_reads_per_taxa.R#L144           # Define Cutoff Points based o ...
R/kariocas_003_reads_per_taxa.R#L145           max_val <- max(df_dom$Counts) ...
R/kariocas_003_reads_per_taxa.R#L147           if (mode == "Saturation") { ...
R/kariocas_003_reads_per_taxa.R#L152               next_cut <- cutoff_templat ...
R/kariocas_003_reads_per_taxa.R#L153               if(!is.na(next_cut)) relev ...
R/kariocas_003_reads_per_taxa.R#L155           } else { ...
R/kariocas_003_reads_per_taxa.R#L159           } ...
R/kariocas_003_reads_per_taxa.R#L161           # Calculate Stats ...
R/kariocas_003_reads_per_taxa.R#L162           stats_list <- lapply(relevant_ ...
R/kariocas_003_reads_per_taxa.R#L165               Cutoff = k, ...
R/kariocas_003_reads_per_taxa.R#L166               Ret_Reads_Pct = sum(surviv ...
R/kariocas_003_reads_per_taxa.R#L167               Ret_Taxa_Pct  = nrow(survi ...
R/kariocas_003_reads_per_taxa.R#L169           }) ...
R/kariocas_003_reads_per_taxa.R#L171           df_stats <- do.call(rbind, sta ...
R/kariocas_003_reads_per_taxa.R#L173           # 3.2 PLOT PREP -------------- ...
R/kariocas_003_reads_per_taxa.R#L174           df_plot <- df_stats %>% ...
R/kariocas_003_reads_per_taxa.R#L176               cols = c(Ret_Reads_Pct, Re ...
R/kariocas_003_reads_per_taxa.R#L177               names_to = "Metric", ...
R/kariocas_003_reads_per_taxa.R#L178               values_to = "Pct" ...
R/kariocas_003_reads_per_taxa.R#L181               Metric == "Ret_Reads_Pct"  ...
R/kariocas_003_reads_per_taxa.R#L182               Metric == "Ret_Taxa_Pct"   ...
R/kariocas_003_reads_per_taxa.R#L185           df_plot$Metric_Key <- factor(d ...
R/kariocas_003_reads_per_taxa.R#L186           legend_labels <- c(analysis_le ...
R/kariocas_003_reads_per_taxa.R#L188           subtitle_stats <- paste0(label ...
R/kariocas_003_reads_per_taxa.R#L189                                    label ...
R/kariocas_003_reads_per_taxa.R#L191           # Style Setup ...
R/kariocas_003_reads_per_taxa.R#L192           shapes_vec     <- get_kariocas ...
R/kariocas_003_reads_per_taxa.R#L193           spec_colors    <- get_kariocas ...
R/kariocas_003_reads_per_taxa.R#L194           spec_linetypes <- get_kariocas ...
R/kariocas_003_reads_per_taxa.R#L195           labels_vec     <- get_kariocas ...
R/kariocas_003_reads_per_taxa.R#L197           # 3.3 PLOT CONSTRUCTION ------ ...
R/kariocas_003_reads_per_taxa.R#L198           p <- ggplot2::ggplot(df_plot,  ...
R/kariocas_003_reads_per_taxa.R#L204               breaks = seq(0, 1, 0.25), ...
R/kariocas_003_reads_per_taxa.R#L205               labels = function(x) x * 1 ...
R/kariocas_003_reads_per_taxa.R#L216               color = ggplot2::guide_leg ...
R/kariocas_003_reads_per_taxa.R#L217               shape = ggplot2::guide_leg ...
R/kariocas_003_reads_per_taxa.R#L218               linetype = ggplot2::guide_ ...
R/kariocas_003_reads_per_taxa.R#L223           # 3.4 MODE SPECIFIC SCALES & L ...
R/kariocas_003_reads_per_taxa.R#L225           if (mode == "Saturation") { ...
R/kariocas_003_reads_per_taxa.R#L235               scale_x_kariocas_log10(bre ...
R/kariocas_003_reads_per_taxa.R#L236               ggplot2::coord_cartesian(x ...
R/kariocas_003_reads_per_taxa.R#L237               ggplot2::labs(title = dom, ...
R/kariocas_003_reads_per_taxa.R#L239           } else { ...
R/kariocas_003_reads_per_taxa.R#L245               x_breaks <- seq(1, dom_lim ...
R/kariocas_003_reads_per_taxa.R#L247               x_breaks <- scales::breaks ...
R/kariocas_003_reads_per_taxa.R#L248               x_breaks <- unique(round(x ...
R/kariocas_003_reads_per_taxa.R#L249               x_breaks <- x_breaks[x_bre ...
R/kariocas_003_reads_per_taxa.R#L254               ggplot2::scale_x_continuou ...
R/kariocas_003_reads_per_taxa.R#L255               ggplot2::coord_cartesian(x ...
R/kariocas_003_reads_per_taxa.R#L256               ggplot2::labs(title = dom, ...
R/kariocas_003_reads_per_taxa.R#L257           } ...
R/kariocas_003_reads_per_taxa.R#L259           plot_list[[dom]] <- p ...
R/kariocas_003_reads_per_taxa.R#L265           (plot_list[["Eukaryota"]] | pl ...
R/kariocas_003_reads_per_taxa.R#L266           patchwork::plot_annotation( ...
R/kariocas_003_reads_per_taxa.R#L270               plot.title = ggplot2::elem ...
R/kariocas_003_reads_per_taxa.R#L271               plot.subtitle = ggplot2::e ...
R/kariocas_003_reads_per_taxa.R#L273           ) + ...
R/kariocas_003_reads_per_taxa.R#L274           patchwork::plot_layout(guides  ...
R/kariocas_003_reads_per_taxa.R#L275           ggplot2::theme(legend.position ...
R/kariocas_003_reads_per_taxa.R#L283       } # End Mode Loop ...
R/kariocas_003_reads_per_taxa.R#L285   } # End Sample Loop ...
R/kariocas_003_reads_per_taxa.R#L287   log_msg("SUCCESS: Cutoff analysis comp ...
R/kariocas_003_reads_per_taxa.R#L288   return(invisible(NULL)) ...
R/kariocas_004_taxa_resolution.R#L44   # ==================================== ...
R/kariocas_004_taxa_resolution.R#L45   # 1. SETUP & LOGGING ...
R/kariocas_004_taxa_resolution.R#L46   # ==================================== ...
R/kariocas_004_taxa_resolution.R#L47   output_dir <- file.path(project_dir, " ...
R/kariocas_004_taxa_resolution.R#L48   log_dir    <- file.path(project_dir, " ...
R/kariocas_004_taxa_resolution.R#L50   if (!dir.exists(output_dir)) dir.creat ...
R/kariocas_004_taxa_resolution.R#L51   if (!dir.exists(log_dir)) dir.create(l ...
R/kariocas_004_taxa_resolution.R#L53   log_file <- file.path(log_dir, "log_00 ...
R/kariocas_004_taxa_resolution.R#L55   log_msg <- function(...) { ...
R/kariocas_004_taxa_resolution.R#L60   } ...
R/kariocas_004_taxa_resolution.R#L62   cat("================================= ...
R/kariocas_004_taxa_resolution.R#L63   cat("LOG: 004_TAXA_RESOLUTION (Max-Bas ...
R/kariocas_004_taxa_resolution.R#L64   cat("PROJECT DIR: ", project_dir, "\n" ...
R/kariocas_004_taxa_resolution.R#L65   cat("ANALYSIS: ", parent_level, " vs " ...
R/kariocas_004_taxa_resolution.R#L66   cat("================================= ...
R/kariocas_004_taxa_resolution.R#L68   # ==================================== ...
R/kariocas_004_taxa_resolution.R#L69   # 2. DATA LOADING & ENRICHMENT ...
R/kariocas_004_taxa_resolution.R#L70   # ==================================== ...
R/kariocas_004_taxa_resolution.R#L71   log_msg(">>> Loading Data...") ...
R/kariocas_004_taxa_resolution.R#L72   df_long <- .get_tidy_data(project_dir) ...
R/kariocas_004_taxa_resolution.R#L74   # 2.1 Enrich Data if needed ...
R/kariocas_004_taxa_resolution.R#L75   required_cols <- c(parent_level, child ...
R/kariocas_004_taxa_resolution.R#L76   if (!all(required_cols %in% colnames(d ...
R/kariocas_004_taxa_resolution.R#L85       if ("Taxonomy" %in% colnames(df_lo ...
R/kariocas_004_taxa_resolution.R#L86       else stop("Could not find Taxonomy ...
R/kariocas_004_taxa_resolution.R#L91   } ...
R/kariocas_004_taxa_resolution.R#L93   # 2.3 Create Generic Columns ...
R/kariocas_004_taxa_resolution.R#L94   df_proc <- df_long %>% ...
R/kariocas_004_taxa_resolution.R#L96       Parent_Name = .data[[parent_level] ...
R/kariocas_004_taxa_resolution.R#L97       Child_Name  = .data[[child_level]] ...
R/kariocas_004_taxa_resolution.R#L98       # Sanitize Rank to avoid matching  ...
R/kariocas_004_taxa_resolution.R#L99       Rank = trimws(Rank) ...
R/kariocas_004_taxa_resolution.R#L102   SAMPLES <- unique(df_proc$sample) ...
R/kariocas_004_taxa_resolution.R#L103   DOMAINS <- names(kariocas_colors$domai ...
R/kariocas_004_taxa_resolution.R#L104   CS_LIST <- unique(df_proc$CS) ...
R/kariocas_004_taxa_resolution.R#L106   log_msg(">>> Starting Analysis Loop... ...
R/kariocas_004_taxa_resolution.R#L108   # ==================================== ...
R/kariocas_004_taxa_resolution.R#L109   # 3. ANALYSIS LOOP ...
R/kariocas_004_taxa_resolution.R#L110   # ==================================== ...
R/kariocas_004_taxa_resolution.R#L111   for (samp in SAMPLES) { ...
R/kariocas_004_taxa_resolution.R#L117       plot_list <- list() ...
R/kariocas_004_taxa_resolution.R#L118       df_curr <- df_proc %>% dplyr::filt ...
R/kariocas_004_taxa_resolution.R#L120       if (nrow(df_curr) == 0) next ...
R/kariocas_004_taxa_resolution.R#L122       for (dom in DOMAINS) { ...
R/kariocas_004_taxa_resolution.R#L128           dplyr::filter(Rank == parent_l ...
R/kariocas_004_taxa_resolution.R#L129           dplyr::group_by(Parent_Name) % ...
R/kariocas_004_taxa_resolution.R#L130           dplyr::summarise(Total_Clade_R ...
R/kariocas_004_taxa_resolution.R#L131           dplyr::filter(!is.na(Parent_Na ...
R/kariocas_004_taxa_resolution.R#L132           dplyr::arrange(dplyr::desc(Tot ...
R/kariocas_004_taxa_resolution.R#L133           dplyr::slice_head(n = top_n) ...
R/kariocas_004_taxa_resolution.R#L138           plot_list[[dom]] <- plot_kario ...
R/kariocas_004_taxa_resolution.R#L139           next ...
R/kariocas_004_taxa_resolution.R#L148           dplyr::filter(Parent_Name %in% ...
R/kariocas_004_taxa_resolution.R#L149           dplyr::group_by(Parent_Name) % ...
R/kariocas_004_taxa_resolution.R#L150           dplyr::summarise(Parent_Cumula ...
R/kariocas_004_taxa_resolution.R#L154           dplyr::filter(Parent_Name %in% ...
R/kariocas_004_taxa_resolution.R#L155           dplyr::group_by(Parent_Name) % ...
R/kariocas_004_taxa_resolution.R#L156           dplyr::summarise(Child_Sum_Res ...
R/kariocas_004_taxa_resolution.R#L160           dplyr::left_join(df_child_stat ...
R/kariocas_004_taxa_resolution.R#L161           dplyr::mutate( ...
R/kariocas_004_taxa_resolution.R#L167           ) %>% ...
R/kariocas_004_taxa_resolution.R#L168           dplyr::arrange(dplyr::desc(Par ...
R/kariocas_004_taxa_resolution.R#L173           log_msg(sprintf("    AUDIT [Li ...
R/kariocas_004_taxa_resolution.R#L174                           audit_row$Pare ...
R/kariocas_004_taxa_resolution.R#L176           top_1 <- calc_df[1, ] ...
R/kariocas_004_taxa_resolution.R#L177           log_msg(sprintf("    AUDIT [To ...
R/kariocas_004_taxa_resolution.R#L178                           top_1$Parent_N ...
R/kariocas_004_taxa_resolution.R#L186           dplyr::select(Parent_Name, Chi ...
R/kariocas_004_taxa_resolution.R#L187           tidyr::pivot_longer( ...
R/kariocas_004_taxa_resolution.R#L191           ) %>% ...
R/kariocas_004_taxa_resolution.R#L192           dplyr::mutate(Category = dplyr ...
R/kariocas_004_taxa_resolution.R#L195           )) ...
R/kariocas_004_taxa_resolution.R#L202           ghost_names <- paste0("Ghost_" ...
R/kariocas_004_taxa_resolution.R#L203           ghost_df <- data.frame(Parent_ ...
R/kariocas_004_taxa_resolution.R#L204           stack_data <- dplyr::bind_rows ...
R/kariocas_004_taxa_resolution.R#L205           final_levels <- c(final_levels ...
R/kariocas_004_taxa_resolution.R#L214           c(spec_colors[["Parent"]], spe ...
R/kariocas_004_taxa_resolution.R#L215           c(label_exclusive, label_child ...
R/kariocas_004_taxa_resolution.R#L219           ggplot2::geom_col(width = 0.7) ...
R/kariocas_004_taxa_resolution.R#L220           ggplot2::scale_fill_manual(val ...
R/kariocas_004_taxa_resolution.R#L221           ggplot2::scale_x_continuous(la ...
R/kariocas_004_taxa_resolution.R#L222           ggplot2::labs(title = dom, x = ...
R/kariocas_004_taxa_resolution.R#L223           theme_kariocas() + ...
R/kariocas_004_taxa_resolution.R#L224           ggplot2::theme( ...
R/kariocas_004_taxa_resolution.R#L229           ) ...
R/kariocas_004_taxa_resolution.R#L235       } ...
R/kariocas_004_taxa_resolution.R#L237       # 3.6 ASSEMBLE ...
R/kariocas_004_taxa_resolution.R#L238       final_layout <- (plot_list[["Bacte ...
R/kariocas_004_taxa_resolution.R#L241           title = paste(samp, "- CS", sp ...
R/kariocas_004_taxa_resolution.R#L242           subtitle = paste("Taxa Resolut ...
R/kariocas_004_taxa_resolution.R#L243           theme = ggplot2::theme( ...
R/kariocas_004_taxa_resolution.R#L246           ) ...
R/kariocas_004_taxa_resolution.R#L251       file_name <- paste0(samp, "_CS", s ...
R/kariocas_004_taxa_resolution.R#L252       save_path <- file.path(output_dir, ...
R/kariocas_004_taxa_resolution.R#L254       ggplot2::ggsave(save_path, final_l ...
R/kariocas_004_taxa_resolution.R#L255       log_msg("    -> Generated: ", file ...
R/kariocas_004_taxa_resolution.R#L257   } ...
R/kariocas_004_taxa_resolution.R#L259   log_msg("SUCCESS: Resolution analysis  ...
R/kariocas_004_taxa_resolution.R#L260   return(invisible(NULL)) ...
R/kariocas_005_heatmaps.R#L41                               analysis_r ...
R/kariocas_005_heatmaps.R#L42                               confidence ...
R/kariocas_005_heatmaps.R#L43                               top_n = 20 ...
R/kariocas_005_heatmaps.R#L45   # ==================================== ...
R/kariocas_005_heatmaps.R#L46   # 1. SETUP & LOGGING ...
R/kariocas_005_heatmaps.R#L47   # ==================================== ...
R/kariocas_005_heatmaps.R#L48   if (is.null(analysis_rank)) { ...
R/kariocas_005_heatmaps.R#L50   } ...
R/kariocas_005_heatmaps.R#L52   output_dir <- file.path(project_dir, " ...
R/kariocas_005_heatmaps.R#L53   log_dir    <- file.path(project_dir, " ...
R/kariocas_005_heatmaps.R#L55   if (!dir.exists(output_dir)) dir.creat ...
R/kariocas_005_heatmaps.R#L56   if (!dir.exists(log_dir)) dir.create(l ...
R/kariocas_005_heatmaps.R#L58   log_file <- file.path(log_dir, "log_00 ...
R/kariocas_005_heatmaps.R#L60   log_msg <- function(...) { ...
R/kariocas_005_heatmaps.R#L65   } ...
R/kariocas_005_heatmaps.R#L67   cat("================================= ...
R/kariocas_005_heatmaps.R#L68   cat("LOG: 005_HEATMAP_GENERATION (Loss ...
R/kariocas_005_heatmaps.R#L69   cat("PROJECT DIR: ", project_dir, "\n" ...
R/kariocas_005_heatmaps.R#L70   cat("RANK: ", analysis_rank, " | TARGE ...
R/kariocas_005_heatmaps.R#L71   cat("================================= ...
R/kariocas_005_heatmaps.R#L73   # ==================================== ...
R/kariocas_005_heatmaps.R#L74   # 2. DATA LOADING & ENRICHMENT ...
R/kariocas_005_heatmaps.R#L75   # ==================================== ...
R/kariocas_005_heatmaps.R#L76   log_msg(">>> Loading Data...") ...
R/kariocas_005_heatmaps.R#L77   df_long <- .get_tidy_data(project_dir) ...
R/kariocas_005_heatmaps.R#L79   # 2.1 Enrich Data with Taxonomy Column ...
R/kariocas_005_heatmaps.R#L80   if (!analysis_rank %in% colnames(df_lo ...
R/kariocas_005_heatmaps.R#L89       if ("Taxonomy" %in% colnames(df_lo ...
R/kariocas_005_heatmaps.R#L90       else stop("Could not find Taxonomy ...
R/kariocas_005_heatmaps.R#L95   } ...
R/kariocas_005_heatmaps.R#L97   if (!analysis_rank %in% colnames(df_lo ...
R/kariocas_005_heatmaps.R#L99   } ...
R/kariocas_005_heatmaps.R#L101   # 2.2 Filter and Set Taxon_Name Explic ...
R/kariocas_005_heatmaps.R#L102   df_proc <- df_long %>% ...
R/kariocas_005_heatmaps.R#L107   SAMPLES <- unique(df_proc$sample) ...
R/kariocas_005_heatmaps.R#L108   DOMAINS <- names(kariocas_colors$domai ...
R/kariocas_005_heatmaps.R#L110   # Custom "Barro" Palette (White -> Yel ...
R/kariocas_005_heatmaps.R#L111   barro_palette <- c("#FFFFFF", "#FFEDA0 ...
R/kariocas_005_heatmaps.R#L113   log_msg(">>> Starting Heatmap Analysis ...
R/kariocas_005_heatmaps.R#L115   # ==================================== ...
R/kariocas_005_heatmaps.R#L116   # 3. ANALYSIS LOOP ...
R/kariocas_005_heatmaps.R#L117   # ==================================== ...
R/kariocas_005_heatmaps.R#L118   for (samp in SAMPLES) { ...
R/kariocas_005_heatmaps.R#L127       target_cs <- confidence_score ...
R/kariocas_005_heatmaps.R#L128       if (target_cs > max_cs_in_data) ta ...
R/kariocas_005_heatmaps.R#L130       target_cs <- max_cs_in_data ...
R/kariocas_005_heatmaps.R#L140       # 3.0.1 CONSOLIDATE DUPLICATES (No ...
R/kariocas_005_heatmaps.R#L141       df_dom <- df_samp %>% ...
R/kariocas_005_heatmaps.R#L146       if (nrow(df_dom) == 0) next ...
R/kariocas_005_heatmaps.R#L148       # 3.1 IDENTIFY TOP N *SURVIVORS* A ...
R/kariocas_005_heatmaps.R#L149       survivors_at_target <- df_dom %>% ...
R/kariocas_005_heatmaps.R#L153       elite_taxa_names <- survivors_at_t ...
R/kariocas_005_heatmaps.R#L157       # FIX: DO NOT SKIP if elite_taxa_n ...
R/kariocas_005_heatmaps.R#L158       # Even with 0 survivors, we must p ...
R/kariocas_005_heatmaps.R#L159       if(length(elite_taxa_names) == 0)  ...
R/kariocas_005_heatmaps.R#L161       } ...
R/kariocas_005_heatmaps.R#L163       # 3.2 SPLIT DATA ...
R/kariocas_005_heatmaps.R#L164       df_elite <- df_dom %>% ...
R/kariocas_005_heatmaps.R#L167       df_rest <- df_dom %>% ...
R/kariocas_005_heatmaps.R#L170       # 3.3 AGGREGATION LOGIC (Cascading ...
R/kariocas_005_heatmaps.R#L171       agg_list <- list() ...
R/kariocas_005_heatmaps.R#L173       for (i in seq_along(all_cs)) { ...
R/kariocas_005_heatmaps.R#L178           next_cs_val <- all_cs[i+1] ...
R/kariocas_005_heatmaps.R#L179           if(!is.na(next_cs_val)) { ...
R/kariocas_005_heatmaps.R#L183           } else { ...
R/kariocas_005_heatmaps.R#L186           } ...
R/kariocas_005_heatmaps.R#L188           lost_taxa    <- curr_taxa ...
R/kariocas_005_heatmaps.R#L189           label_suffix <- paste0("Lowest ...
R/kariocas_005_heatmaps.R#L193           row_label <- paste(length(lost ...
R/kariocas_005_heatmaps.R#L195           agg_data <- df_rest %>% ...
R/kariocas_005_heatmaps.R#L201           agg_list[[length(agg_list) + 1 ...
R/kariocas_005_heatmaps.R#L203       } ...
R/kariocas_005_heatmaps.R#L205       df_agg <- dplyr::bind_rows(agg_lis ...
R/kariocas_005_heatmaps.R#L206       df_combined <- dplyr::bind_rows(df ...
R/kariocas_005_heatmaps.R#L208       # Safety check: if everything is e ...
R/kariocas_005_heatmaps.R#L209       if (nrow(df_combined) == 0) next ...
R/kariocas_005_heatmaps.R#L211       # 3.4 CALCULATE RELATIVE ABUNDANCE ...
R/kariocas_005_heatmaps.R#L212       total_reads_per_cs <- df_dom %>% ...
R/kariocas_005_heatmaps.R#L216       df_metrics <- df_combined %>% ...
R/kariocas_005_heatmaps.R#L221           Domain = dom, ...
R/kariocas_005_heatmaps.R#L222           CS_Label = sprintf("%02d", CS) ...
R/kariocas_005_heatmaps.R#L225       # 3.5 FACTOR ORDERING (CLUSTERING  ...
R/kariocas_005_heatmaps.R#L227       # A) Cluster Elite Taxa based on A ...
R/kariocas_005_heatmaps.R#L228       if (length(elite_taxa_names) > 2)  ...
R/kariocas_005_heatmaps.R#L230           dplyr::filter(Taxon_Name %in%  ...
R/kariocas_005_heatmaps.R#L231           dplyr::select(Taxon_Name, CS,  ...
R/kariocas_005_heatmaps.R#L232           dplyr::distinct(Taxon_Name, CS ...
R/kariocas_005_heatmaps.R#L235           tidyr::pivot_wider(names_from  ...
R/kariocas_005_heatmaps.R#L236           tibble::column_to_rownames("Ta ...
R/kariocas_005_heatmaps.R#L237           as.matrix() ...
R/kariocas_005_heatmaps.R#L249       } else { ...
R/kariocas_005_heatmaps.R#L251       } ...
R/kariocas_005_heatmaps.R#L253       # B) Order Aggregated Rows (Bottom ...
R/kariocas_005_heatmaps.R#L254       if(!is.null(df_agg) && nrow(df_agg ...
R/kariocas_005_heatmaps.R#L256       } else { ...
R/kariocas_005_heatmaps.R#L258       } ...
R/kariocas_005_heatmaps.R#L260       final_levels <- c(agg_names_ordere ...
R/kariocas_005_heatmaps.R#L262       df_metrics <- df_metrics %>% ...
R/kariocas_005_heatmaps.R#L265       domain_data_list[[dom]] <- df_metr ...
R/kariocas_005_heatmaps.R#L272       log_msg("    No data to plot for t ...
R/kariocas_005_heatmaps.R#L273       next ...
R/kariocas_005_heatmaps.R#L277       dplyr::arrange(Domain, Order_Index ...
R/kariocas_005_heatmaps.R#L278       dplyr::mutate(Taxon_Name = factor( ...
R/kariocas_005_heatmaps.R#L282       ggplot2::geom_tile(color = "white" ...
R/kariocas_005_heatmaps.R#L284       ggplot2::facet_grid(Domain ~ ., sc ...
R/kariocas_005_heatmaps.R#L286       ggplot2::scale_fill_gradientn( ...
R/kariocas_005_heatmaps.R#L291       ) + ...
R/kariocas_005_heatmaps.R#L293       ggplot2::guides(fill = ggplot2::gu ...
R/kariocas_005_heatmaps.R#L299       )) + ...
R/kariocas_005_heatmaps.R#L301       ggplot2::labs( ...
R/kariocas_005_heatmaps.R#L306       ) + ...
R/kariocas_005_heatmaps.R#L308       theme_kariocas() + ...
R/kariocas_005_heatmaps.R#L310       ggplot2::theme( ...
R/kariocas_005_heatmaps.R#L323       ) ...
R/kariocas_005_heatmaps.R#L330   } ...
R/kariocas_005_heatmaps.R#L332   log_msg("SUCCESS: Heatmap analysis com ...
R/kariocas_005_heatmaps.R#L333   return(invisible(NULL)) ...
R/kariocas_006_optimize_cs.R#L36    ...
R/kariocas_006_optimize_cs.R#L37   # ==================================== ...
R/kariocas_006_optimize_cs.R#L38   # 1. SETUP & LOGGING ...
R/kariocas_006_optimize_cs.R#L39   # ==================================== ...
R/kariocas_006_optimize_cs.R#L40   output_dir <- file.path(project_dir, " ...
R/kariocas_006_optimize_cs.R#L41   log_dir    <- file.path(project_dir, " ...
R/kariocas_006_optimize_cs.R#L42    ...
R/kariocas_006_optimize_cs.R#L43   if (!dir.exists(output_dir)) dir.creat ...
R/kariocas_006_optimize_cs.R#L44   if (!dir.exists(log_dir)) dir.create(l ...
R/kariocas_006_optimize_cs.R#L45    ...
R/kariocas_006_optimize_cs.R#L46   log_file <- file.path(log_dir, "log_00 ...
R/kariocas_006_optimize_cs.R#L47    ...
R/kariocas_006_optimize_cs.R#L48   log_msg <- function(...) { ...
R/kariocas_006_optimize_cs.R#L53   } ...
R/kariocas_006_optimize_cs.R#L54    ...
R/kariocas_006_optimize_cs.R#L55   cat("================================= ...
R/kariocas_006_optimize_cs.R#L56   cat("LOG: 006_OPTIMIZE_CS (Stability I ...
R/kariocas_006_optimize_cs.R#L57   cat("PROJECT DIR: ", project_dir, "\n" ...
R/kariocas_006_optimize_cs.R#L58   cat("TAXA LEVEL:  ", tax_level, "\n",  ...
R/kariocas_006_optimize_cs.R#L59   cat("================================= ...
R/kariocas_006_optimize_cs.R#L60    ...
R/kariocas_006_optimize_cs.R#L61   # ==================================== ...
R/kariocas_006_optimize_cs.R#L62   # 2. DATA LOADING & PREP ...
R/kariocas_006_optimize_cs.R#L63   # ==================================== ...
R/kariocas_006_optimize_cs.R#L64   log_msg(">>> Loading Data (Auto-detect ...
R/kariocas_006_optimize_cs.R#L65   df_long <- .get_tidy_data(project_dir) ...
R/kariocas_006_optimize_cs.R#L66    ...
R/kariocas_006_optimize_cs.R#L67   df_proc <- df_long %>% dplyr::filter(R ...
R/kariocas_006_optimize_cs.R#L68    ...
R/kariocas_006_optimize_cs.R#L69   if (nrow(df_proc) == 0) { ...
R/kariocas_006_optimize_cs.R#L72   } ...
R/kariocas_006_optimize_cs.R#L73    ...
R/kariocas_006_optimize_cs.R#L74   SAMPLES <- unique(df_proc$sample) ...
R/kariocas_006_optimize_cs.R#L75   DOMAINS <- names(get_kariocas_colors(" ...
R/kariocas_006_optimize_cs.R#L76    ...
R/kariocas_006_optimize_cs.R#L77   audit_list <- list() ...
R/kariocas_006_optimize_cs.R#L78    ...
R/kariocas_006_optimize_cs.R#L79   log_msg(">>> Starting SI Calculation f ...
R/kariocas_006_optimize_cs.R#L80    ...
R/kariocas_006_optimize_cs.R#L81   # ==================================== ...
R/kariocas_006_optimize_cs.R#L82   # 3. ANALYSIS LOOP ...
R/kariocas_006_optimize_cs.R#L83   # ==================================== ...
R/kariocas_006_optimize_cs.R#L84   for (samp in SAMPLES) { ...
R/kariocas_006_optimize_cs.R#L92        ...
R/kariocas_006_optimize_cs.R#L93       df_dom <- df_samp %>% dplyr::filte ...
R/kariocas_006_optimize_cs.R#L94        ...
R/kariocas_006_optimize_cs.R#L95       # 3.1 RAW COUNTS AGGREGATION ...
R/kariocas_006_optimize_cs.R#L96       stats_df <- df_dom %>% ...
R/kariocas_006_optimize_cs.R#L100        ...
R/kariocas_006_optimize_cs.R#L101       if (nrow(stats_df) < 3) { ...
R/kariocas_006_optimize_cs.R#L105       } ...
R/kariocas_006_optimize_cs.R#L106        ...
R/kariocas_006_optimize_cs.R#L107       min_cs <- min(stats_df$CS) ...
R/kariocas_006_optimize_cs.R#L108       max_cs <- max(stats_df$CS) ...
R/kariocas_006_optimize_cs.R#L109       max_taxa <- max(stats_df$Taxa_Coun ...
R/kariocas_006_optimize_cs.R#L110       min_taxa <- min(stats_df$Taxa_Coun ...
R/kariocas_006_optimize_cs.R#L111        ...
R/kariocas_006_optimize_cs.R#L112       if (max_taxa == min_taxa) { ...
R/kariocas_006_optimize_cs.R#L116       } ...
R/kariocas_006_optimize_cs.R#L117        ...
R/kariocas_006_optimize_cs.R#L118       # ================================ ...
R/kariocas_006_optimize_cs.R#L119       # 3.2 THE MATH: SI & KNEEDLE ALGOR ...
R/kariocas_006_optimize_cs.R#L120       # ================================ ...
R/kariocas_006_optimize_cs.R#L121        ...
R/kariocas_006_optimize_cs.R#L122       calc_df <- stats_df %>% ...
R/kariocas_006_optimize_cs.R#L124           # A: Percent Retained (For the ...
R/kariocas_006_optimize_cs.R#L125           Pct_Retained = (Taxa_Count / m ...
R/kariocas_006_optimize_cs.R#L126            ...
R/kariocas_006_optimize_cs.R#L127           # B: Normalization (0 to 1) fo ...
R/kariocas_006_optimize_cs.R#L128           Norm_CS = (CS - min_cs) / (max ...
R/kariocas_006_optimize_cs.R#L129           Norm_Taxa = (Taxa_Count - min_ ...
R/kariocas_006_optimize_cs.R#L130            ...
R/kariocas_006_optimize_cs.R#L131           # C: Distance 'd' from Secant  ...
R/kariocas_006_optimize_cs.R#L132           Distance = abs(Norm_CS + Norm_ ...
R/kariocas_006_optimize_cs.R#L134        ...
R/kariocas_006_optimize_cs.R#L135       # D: Find Primary SI (Global Max D ...
R/kariocas_006_optimize_cs.R#L136       idx_primary <- which.max(calc_df$D ...
R/kariocas_006_optimize_cs.R#L137       primary_cs  <- calc_df$CS[idx_prim ...
R/kariocas_006_optimize_cs.R#L138        ...
R/kariocas_006_optimize_cs.R#L139       # E: Find Secondary SIs (Local Max ...
R/kariocas_006_optimize_cs.R#L140       calc_df <- calc_df %>% ...
R/kariocas_006_optimize_cs.R#L142           Is_Local_Max = Distance > dply ...
R/kariocas_006_optimize_cs.R#L144           Is_Candidate = CS > primary_cs ...
R/kariocas_006_optimize_cs.R#L146        ...
R/kariocas_006_optimize_cs.R#L147       secondaries <- calc_df %>%  ...
R/kariocas_006_optimize_cs.R#L151        ...
R/kariocas_006_optimize_cs.R#L152       sec1_cs <- if(nrow(secondaries) >= ...
R/kariocas_006_optimize_cs.R#L153       sec2_cs <- if(nrow(secondaries) >= ...
R/kariocas_006_optimize_cs.R#L154        ...
R/kariocas_006_optimize_cs.R#L155       # F: Tag the Audit DataFrame ...
R/kariocas_006_optimize_cs.R#L156       calc_df <- calc_df %>% ...
R/kariocas_006_optimize_cs.R#L158           Domain = dom, ...
R/kariocas_006_optimize_cs.R#L159           Sample = samp, ...
R/kariocas_006_optimize_cs.R#L160           SI_Type = dplyr::case_when( ...
R/kariocas_006_optimize_cs.R#L165           ) ...
R/kariocas_006_optimize_cs.R#L168        ...
R/kariocas_006_optimize_cs.R#L169       audit_list[[length(audit_list) + 1 ...
R/kariocas_006_optimize_cs.R#L170        ...
R/kariocas_006_optimize_cs.R#L171       # Log Results ...
R/kariocas_006_optimize_cs.R#L172       log_msg(sprintf("    %s -> Primary ...
R/kariocas_006_optimize_cs.R#L173       if(!is.na(sec1_cs)) log_msg(sprint ...
R/kariocas_006_optimize_cs.R#L174       if(!is.na(sec2_cs)) log_msg(sprint ...
R/kariocas_006_optimize_cs.R#L175        ...
R/kariocas_006_optimize_cs.R#L176       # ================================ ...
R/kariocas_006_optimize_cs.R#L177       # 3.3 PLOTTING THE ELBOW ...
R/kariocas_006_optimize_cs.R#L178       # ================================ ...
R/kariocas_006_optimize_cs.R#L179        ...
R/kariocas_006_optimize_cs.R#L180       spec_colors <- get_kariocas_colors ...
R/kariocas_006_optimize_cs.R#L181       col_primary <- spec_colors[["Level ...
R/kariocas_006_optimize_cs.R#L182       col_sec     <- spec_colors[["Paren ...
R/kariocas_006_optimize_cs.R#L183       labels_vec  <- get_kariocas_labels ...
R/kariocas_006_optimize_cs.R#L184        ...
R/kariocas_006_optimize_cs.R#L185       sub_txt <- sprintf("Primary SI: CS ...
R/kariocas_006_optimize_cs.R#L186       if(!is.na(sec1_cs)) sub_txt <- pas ...
R/kariocas_006_optimize_cs.R#L187        ...
R/kariocas_006_optimize_cs.R#L188       p <- ggplot2::ggplot(calc_df, ggpl ...
R/kariocas_006_optimize_cs.R#L192           x = min_cs, y = 100, xend = ma ...
R/kariocas_006_optimize_cs.R#L193           color = "grey80", linetype = " ...
R/kariocas_006_optimize_cs.R#L208           data = calc_df %>% dplyr::filt ...
R/kariocas_006_optimize_cs.R#L209           ggplot2::aes(x = CS, y = Pct_R ...
R/kariocas_006_optimize_cs.R#L210           color = col_primary, size = 4, ...
R/kariocas_006_optimize_cs.R#L217           title = dom, ...
R/kariocas_006_optimize_cs.R#L218           subtitle = sub_txt, ...
R/kariocas_006_optimize_cs.R#L219           x = labels_vec$y_confidence, ...
R/kariocas_006_optimize_cs.R#L220           y = "**% Retained**" ...
R/kariocas_006_optimize_cs.R#L223        ...
R/kariocas_006_optimize_cs.R#L224       plot_list[[dom]] <- p ...
R/kariocas_006_optimize_cs.R#L229       final_layout <- (plot_list[["Bacte ...
R/kariocas_006_optimize_cs.R#L232           title = paste(samp, "- CS Opti ...
R/kariocas_006_optimize_cs.R#L233           subtitle = paste("Level:", tax ...
R/kariocas_006_optimize_cs.R#L234           theme = ggplot2::theme( ...
R/kariocas_006_optimize_cs.R#L237           ) ...
R/kariocas_006_optimize_cs.R#L239        ...
R/kariocas_006_optimize_cs.R#L240       file_name <- paste0(samp, "_Optimi ...
R/kariocas_006_optimize_cs.R#L241       save_path <- file.path(output_dir, ...
R/kariocas_006_optimize_cs.R#L242        ...
R/kariocas_006_optimize_cs.R#L243       dims <- get_kariocas_dims() ...
R/kariocas_006_optimize_cs.R#L244       ggplot2::ggsave(save_path, final_l ...
R/kariocas_006_optimize_cs.R#L245       log_msg("    -> Generated Plot: ", ...
R/kariocas_006_optimize_cs.R#L247   } ...
R/kariocas_006_optimize_cs.R#L248    ...
R/kariocas_006_optimize_cs.R#L249   # ==================================== ...
R/kariocas_006_optimize_cs.R#L250   # 4. EXPORT AUDIT DATAFRAME ...
R/kariocas_006_optimize_cs.R#L251   # ==================================== ...
R/kariocas_006_optimize_cs.R#L252   log_msg(">>> Consolidating Audit Data. ...
R/kariocas_006_optimize_cs.R#L253    ...
R/kariocas_006_optimize_cs.R#L254   if (length(audit_list) > 0) { ...
R/kariocas_006_optimize_cs.R#L265   } else { ...
R/kariocas_006_optimize_cs.R#L268   } ...
R/kariocas_006_optimize_cs.R#L269    ...
R/kariocas_006_optimize_cs.R#L270   log_msg("SUCCESS: CS Optimization comp ...
R/kariocas_006_optimize_cs.R#L271   return(invisible(full_audit_df)) ...
R/kariocas_1000_reliable_mpa.R#L41                                    tax_l ...
R/kariocas_1000_reliable_mpa.R#L42                                    CS_A  ...
R/kariocas_1000_reliable_mpa.R#L43                                    CS_B  ...
R/kariocas_1000_reliable_mpa.R#L44                                    CS_E  ...
R/kariocas_1000_reliable_mpa.R#L45                                    CS_V  ...
R/kariocas_1000_reliable_mpa.R#L46    ...
R/kariocas_1000_reliable_mpa.R#L47   # 1. SETUP & LOGGING ...
R/kariocas_1000_reliable_mpa.R#L48   output_dir  <- file.path(project_dir,  ...
R/kariocas_1000_reliable_mpa.R#L49   log_dir     <- file.path(project_dir,  ...
R/kariocas_1000_reliable_mpa.R#L50    ...
R/kariocas_1000_reliable_mpa.R#L51   if(!dir.exists(output_dir)) dir.create ...
R/kariocas_1000_reliable_mpa.R#L52   if(!dir.exists(log_dir))    dir.create ...
R/kariocas_1000_reliable_mpa.R#L53    ...
R/kariocas_1000_reliable_mpa.R#L54   log_file <- file.path(log_dir, "log_10 ...
R/kariocas_1000_reliable_mpa.R#L55    ...
R/kariocas_1000_reliable_mpa.R#L56   log_msg <- function(...) { ...
R/kariocas_1000_reliable_mpa.R#L60   } ...
R/kariocas_1000_reliable_mpa.R#L61    ...
R/kariocas_1000_reliable_mpa.R#L62   files_generated_count <- 0 ...
R/kariocas_1000_reliable_mpa.R#L63    ...
R/kariocas_1000_reliable_mpa.R#L64   tryCatch({ ...
R/kariocas_1000_reliable_mpa.R#L73       log_msg("CRITICAL ERROR: TSE file  ...
R/kariocas_1000_reliable_mpa.R#L74       stop("TSE file missing.") ...
R/kariocas_1000_reliable_mpa.R#L85       if ("Taxonomy_Full" %in% names(row ...
R/kariocas_1000_reliable_mpa.R#L87       } else { ...
R/kariocas_1000_reliable_mpa.R#L89       } ...
R/kariocas_1000_reliable_mpa.R#L95       row_meta$Rank <- row_meta[[rank_co ...
R/kariocas_1000_reliable_mpa.R#L100       stringr::str_detect(row_meta$Taxon ...
R/kariocas_1000_reliable_mpa.R#L101       stringr::str_detect(row_meta$Taxon ...
R/kariocas_1000_reliable_mpa.R#L102       stringr::str_detect(row_meta$Taxon ...
R/kariocas_1000_reliable_mpa.R#L103       stringr::str_detect(row_meta$Taxon ...
R/kariocas_1000_reliable_mpa.R#L104       TRUE ~ "Other" ...
R/kariocas_1000_reliable_mpa.R#L121       log_msg("STEP 1.5: Loading SI Audi ...
R/kariocas_1000_reliable_mpa.R#L122       # Assume audit matches the request ...
R/kariocas_1000_reliable_mpa.R#L123       audit_tax <- if(is.null(tax_level) ...
R/kariocas_1000_reliable_mpa.R#L124       audit_file <- file.path(project_di ...
R/kariocas_1000_reliable_mpa.R#L125        ...
R/kariocas_1000_reliable_mpa.R#L126       if (file.exists(audit_file)) { ...
R/kariocas_1000_reliable_mpa.R#L129       } else { ...
R/kariocas_1000_reliable_mpa.R#L132       } ...
R/kariocas_1000_reliable_mpa.R#L137       "Archaea"   = list(val = CS_A, min ...
R/kariocas_1000_reliable_mpa.R#L138       "Bacteria"  = list(val = CS_B, min ...
R/kariocas_1000_reliable_mpa.R#L139       "Eukaryota" = list(val = CS_E, min ...
R/kariocas_1000_reliable_mpa.R#L140       "Viruses"   = list(val = CS_V, min ...
R/kariocas_1000_reliable_mpa.R#L147       log_msg("------------------------- ...
R/kariocas_1000_reliable_mpa.R#L148       log_msg("  Sample: ", samp) ...
R/kariocas_1000_reliable_mpa.R#L149        ...
R/kariocas_1000_reliable_mpa.R#L150       samp_cols <- grep(paste0("^", samp ...
R/kariocas_1000_reliable_mpa.R#L151       available_suffixes <- stringr::str ...
R/kariocas_1000_reliable_mpa.R#L152        ...
R/kariocas_1000_reliable_mpa.R#L153       sample_taxa_list <- list() ...
R/kariocas_1000_reliable_mpa.R#L154        ...
R/kariocas_1000_reliable_mpa.R#L155       for (dom in names(configs)) { ...
R/kariocas_1000_reliable_mpa.R#L164            ...
R/kariocas_1000_reliable_mpa.R#L165           if (!is.null(audit_df)) { ...
R/kariocas_1000_reliable_mpa.R#L170               if (user_val == "auto") { ...
R/kariocas_1000_reliable_mpa.R#L173               } else if (user_val == "se ...
R/kariocas_1000_reliable_mpa.R#L176                   requested_val <- sec_v ...
R/kariocas_1000_reliable_mpa.R#L177                   info_tag <- "[SI: Seco ...
R/kariocas_1000_reliable_mpa.R#L179                   # Fallback if no secon ...
R/kariocas_1000_reliable_mpa.R#L180                   requested_val <- audit ...
R/kariocas_1000_reliable_mpa.R#L181                   info_tag <- "[SI: Fall ...
R/kariocas_1000_reliable_mpa.R#L182                   log_msg(sprintf("    [ ...
R/kariocas_1000_reliable_mpa.R#L184               } ...
R/kariocas_1000_reliable_mpa.R#L185               requested_val <- requested ...
R/kariocas_1000_reliable_mpa.R#L187           } ...
R/kariocas_1000_reliable_mpa.R#L188            ...
R/kariocas_1000_reliable_mpa.R#L189           # Ultimate fallback if audit l ...
R/kariocas_1000_reliable_mpa.R#L190           if (is.null(requested_val) ||  ...
R/kariocas_1000_reliable_mpa.R#L193           } ...
R/kariocas_1000_reliable_mpa.R#L194            ...
R/kariocas_1000_reliable_mpa.R#L196           # Manual Numeric Input ...
R/kariocas_1000_reliable_mpa.R#L197           requested_val <- as.numeric(us ...
R/kariocas_1000_reliable_mpa.R#L198           info_tag <- "[Manual]" ...
R/kariocas_1000_reliable_mpa.R#L206           suf_num <- as.numeric(suf) ...
R/kariocas_1000_reliable_mpa.R#L207            ...
R/kariocas_1000_reliable_mpa.R#L208           if (!is.na(suf_num) && suf_num ...
R/kariocas_1000_reliable_mpa.R#L211           } ...
R/kariocas_1000_reliable_mpa.R#L212           if (!is.na(suf_num) && (reques ...
R/kariocas_1000_reliable_mpa.R#L215           } ...
R/kariocas_1000_reliable_mpa.R#L216           if (!is.na(suf_num) && request ...
R/kariocas_1000_reliable_mpa.R#L219           } ...
R/kariocas_1000_reliable_mpa.R#L223           target_col <- paste0(samp, "_C ...
R/kariocas_1000_reliable_mpa.R#L225           log_msg(sprintf("    [ERROR] C ...
R/kariocas_1000_reliable_mpa.R#L226                           user_val, requ ...
R/kariocas_1000_reliable_mpa.R#L227           next ...
R/kariocas_1000_reliable_mpa.R#L243           is_rank <- subset_meta$Rank == ...
R/kariocas_1000_reliable_mpa.R#L250           part_df <- data.frame( ...
R/kariocas_1000_reliable_mpa.R#L254           ) ...
R/kariocas_1000_reliable_mpa.R#L255           sample_taxa_list[[dom]] <- par ...
R/kariocas_1000_reliable_mpa.R#L256            ...
R/kariocas_1000_reliable_mpa.R#L257           # Custom Log ...
R/kariocas_1000_reliable_mpa.R#L258           cs_display <- as.numeric(match ...
R/kariocas_1000_reliable_mpa.R#L259           log_msg(sprintf("    -> Added  ...
R/kariocas_1000_reliable_mpa.R#L260                           nrow(part_df), ...
R/kariocas_1000_reliable_mpa.R#L262       } ...
R/kariocas_1000_reliable_mpa.R#L263        ...
R/kariocas_1000_reliable_mpa.R#L264       # 7. SAVE OUTPUT ...
R/kariocas_1000_reliable_mpa.R#L265       if (length(sample_taxa_list) > 0)  ...
R/kariocas_1000_reliable_mpa.R#L267           dplyr::group_by(Taxonomy) %>% ...
R/kariocas_1000_reliable_mpa.R#L268           dplyr::summarise(Counts = sum( ...
R/kariocas_1000_reliable_mpa.R#L269           dplyr::rename(!!samp := Counts ...
R/kariocas_1000_reliable_mpa.R#L281       } else { ...
R/kariocas_1000_reliable_mpa.R#L283       } ...
R/kariocas_1000_reliable_mpa.R#L287       log_msg("\nSUCCESS: Process comple ...
R/kariocas_1000_reliable_mpa.R#L289       log_msg("\nFAILURE: No files were  ...
R/kariocas_1000_reliable_mpa.R#L294   }, error = function(e) { ...
R/kariocas_1000_reliable_mpa.R#L297   }) ...
R/kariocas_style.R#L15   ranks = c( ...
R/kariocas_style.R#L18   ), ...
R/kariocas_style.R#L19   domains = c( ...
R/kariocas_style.R#L22   ), ...
R/kariocas_style.R#L23   special = c( ...
R/kariocas_style.R#L26   ), ...
R/kariocas_style.R#L27   upset = list(main = "#3C5488", sets =  ...
R/kariocas_style.R#L28   heatmap = c("#4DBBD5", "#FFFFFF", "#E6 ...
R/kariocas_style.R#L32   ranks = c( ...
R/kariocas_style.R#L36   ) ...
R/kariocas_style.R#L40   "Total Reads" = "longdash", "Level Rea ...
R/kariocas_style.R#L55   type <- match.arg(type) ...
R/kariocas_style.R#L56   return(.kariocas_internal_colors[[type ...
R/kariocas_style.R#L67   if (type == "ranks") return(.kariocas_ ...
R/kariocas_style.R#L68   stop("Shape type not recognized.") ...
R/kariocas_style.R#L78   return(.kariocas_internal_linetypes) ...
R/kariocas_style.R#L89   scales::label_number(scale_cut = scale ...
R/kariocas_style.R#L97   format(x, scientific = FALSE, big.mark ...
R/kariocas_style.R#L104   list( ...
R/kariocas_style.R#L108   ) ...
R/kariocas_style.R#L121   ggplot2::scale_y_continuous( ...
R/kariocas_style.R#L126   ) ...
R/kariocas_style.R#L132   ggplot2::scale_x_continuous( ...
R/kariocas_style.R#L136   ) ...
R/kariocas_style.R#L153   ggplot2::ggplot() + ...
R/kariocas_style.R#L155                       size = 5, fontface ...
R/kariocas_style.R#L157       title = title_text, ...
R/kariocas_style.R#L158       subtitle = subtitle_text, ...
R/kariocas_style.R#L159       x = x_label, ...
R/kariocas_style.R#L160       y = y_label ...
R/kariocas_style.R#L164       axis.text = ggplot2::element_blank ...
R/kariocas_style.R#L165       axis.ticks = ggplot2::element_blan ...
R/kariocas_style.R#L166       panel.grid = ggplot2::element_blan ...
R/kariocas_style.R#L177   list(width = 11.69, height = 8.27) ...
R/kariocas_style.R#L185   ggplot2::theme_classic(base_size = bas ...
R/kariocas_style.R#L187       # Typography ...
R/kariocas_style.R#L188       plot.title = ggplot2::element_text ...
R/kariocas_style.R#L191       ), ...
R/kariocas_style.R#L192       plot.subtitle = ggplot2::element_t ...
R/kariocas_style.R#L195       ), ...
R/kariocas_style.R#L196        ...
R/kariocas_style.R#L197       # Axis Titles (Compact Margins) ...
R/kariocas_style.R#L198       axis.title.y = ggtext::element_mar ...
R/kariocas_style.R#L201       ), ...
R/kariocas_style.R#L202       axis.title.x = ggtext::element_mar ...
R/kariocas_style.R#L205       ), ...
R/kariocas_style.R#L206        ...
R/kariocas_style.R#L207       axis.text = ggplot2::element_text( ...
R/kariocas_style.R#L208        ...
R/kariocas_style.R#L209       # Legend ...
R/kariocas_style.R#L210       legend.position = "bottom", ...
R/kariocas_style.R#L211       legend.title = ggplot2::element_bl ...
R/kariocas_style.R#L212       legend.text = ggplot2::element_tex ...
R/kariocas_style.R#L213       legend.margin = ggplot2::margin(t  ...
R/kariocas_style.R#L214       legend.box = "horizontal", ...
R/kariocas_style.R#L215        ...
R/kariocas_style.R#L216       # Grid & Lines ...
R/kariocas_style.R#L217       panel.grid.major.y = ggplot2::elem ...
R/kariocas_style.R#L218       panel.grid.major.x = ggplot2::elem ...
R/kariocas_style.R#L219       axis.line = ggplot2::element_line( ...
R/kariocas_style.R#L220        ...
R/kariocas_style.R#L221       # Facets ...
R/kariocas_style.R#L222       strip.background = ggplot2::elemen ...
R/kariocas_style.R#L223       strip.text = ggplot2::element_text ...
R/kariocas_style.R#L224        ...
R/kariocas_style.R#L225       # Plot Margins ...
R/kariocas_style.R#L226       plot.margin = ggplot2::margin(10,  ...
R/utils_data_conversion.R#L16   tse_obj <- NULL ...
R/utils_data_conversion.R#L18   # 1. Handle Input Types ...
R/utils_data_conversion.R#L19   if (is(input, "TreeSummarizedExperimen ...
R/utils_data_conversion.R#L21   } else if (is.character(input) && file ...
R/utils_data_conversion.R#L24       tse_obj <- obj ...
R/utils_data_conversion.R#L26       return(obj) # Legacy support ...
R/utils_data_conversion.R#L28   } else if (is.character(input) && dir. ...
R/utils_data_conversion.R#L33       tse_obj <- readRDS(tse_path) ...
R/utils_data_conversion.R#L35       return(readRDS(rds_path)) ...
R/utils_data_conversion.R#L37       stop("No valid karioCaS data found ...
R/utils_data_conversion.R#L39   } ...
R/utils_data_conversion.R#L41   if (is.null(tse_obj)) stop("Invalid in ...
R/utils_data_conversion.R#L43   # 2. Extract Data ...
R/utils_data_conversion.R#L44   counts_df <- as.data.frame(SummarizedE ...
R/utils_data_conversion.R#L48   meta_df <- as.data.frame(SummarizedExp ...
R/utils_data_conversion.R#L51   tax_df <- as.data.frame(SummarizedExpe ...
R/utils_data_conversion.R#L52   if (!"Taxonomy_Full" %in% colnames(tax ...
R/utils_data_conversion.R#L54   } ...
R/utils_data_conversion.R#L56   # 3. Merge to Base Tidy DF ...
R/utils_data_conversion.R#L57   df_base <- counts_df %>% ...
R/utils_data_conversion.R#L63   # CRITICAL FIX: Rename existing 'Rank' ...
R/utils_data_conversion.R#L64   # This prevents collision with the new ...
R/utils_data_conversion.R#L65   if ("Rank" %in% colnames(df_base)) { ...
R/utils_data_conversion.R#L67   } ...
R/utils_data_conversion.R#L69   # 4. Prepare for Plotting (Pivot Ranks ...
R/utils_data_conversion.R#L71   # Create static copies of high-level g ...
R/utils_data_conversion.R#L72   # (Because pivot_longer will melt the  ...
R/utils_data_conversion.R#L73   if ("Domain" %in% colnames(df_base)) d ...
R/utils_data_conversion.R#L74   if ("Kingdom" %in% colnames(df_base))  ...
R/utils_data_conversion.R#L76   # Melt ranks into long format ...
R/utils_data_conversion.R#L77   # This creates the "Rank" column used  ...
R/utils_data_conversion.R#L78   df_long <- df_base %>% ...
R/utils_data_conversion.R#L80       cols = c("Domain", "Kingdom", "Phy ...
R/utils_data_conversion.R#L81       names_to = "Rank", ...
R/utils_data_conversion.R#L82       values_to = "Taxon_Name" ...
R/utils_data_conversion.R#L86   # Restore grouping columns ...
R/utils_data_conversion.R#L87   if ("Domain_Group" %in% colnames(df_lo ...
R/utils_data_conversion.R#L88   if ("Kingdom_Group" %in% colnames(df_l ...
R/utils_data_conversion.R#L90   # Final Selection ...
R/utils_data_conversion.R#L91   # We include Lowest_Rank in the output ...
R/utils_data_conversion.R#L92   cols_to_keep <- c("sample", "CS", "Dom ...
R/utils_data_conversion.R#L93   # Intersect with existing names to be  ...
R/utils_data_conversion.R#L94   cols_final <- intersect(cols_to_keep,  ...
R/utils_data_conversion.R#L96   df_final <- df_long %>% ...
R/utils_data_conversion.R#L99   return(df_final) ...
vignettes/karioCaS_workflow.Rmd#L5   %\VignetteIndexEntry{karioCaS: Kraken  ...
vignettes/karioCaS_workflow.Rmd#L6   %\VignetteEngine{knitr::rmarkdown} ...
vignettes/karioCaS_workflow.Rmd#L7   %\VignetteEncoding{UTF-8} ...
vignettes/karioCaS_workflow.Rmd#L12   collapse = TRUE, ...
vignettes/karioCaS_workflow.Rmd#L13   comment = "#>", ...
vignettes/karioCaS_workflow.Rmd#L14   warning = FALSE, ...
vignettes/karioCaS_workflow.Rmd#L15   message = FALSE ...
vignettes/karioCaS_workflow.Rmd#L118   project_dir = proj_dir, ...
vignettes/karioCaS_workflow.Rmd#L119   tax_level = "Species", ...
vignettes/karioCaS_workflow.Rmd#L120   CS_B = "auto",       # Will pull the P ...
vignettes/karioCaS_workflow.Rmd#L121   CS_A = "secondary",  # Attempts to pul ...
vignettes/karioCaS_workflow.Rmd#L122   CS_E = 40,           # Manual override ...
vignettes/karioCaS_workflow.Rmd#L123   CS_V = 0             # Manual fallback ...
Checking if package already exists in CRAN... OK
Checking for bioc-devel mailing list subscription...
Cannot determine whether maintainer is subscribed to the Bioc-Devel mailing list (requires admin credentials). Subscribe here: https://stat.ethz.ch/mailman/listinfo/bioc-devel
Checking for support site registration... OK
